Apr 13 00:14 : exception: Failed to open '/home/larry/.mpd/mpdstate': No such file or directory
Apr 13 00:14 : update: added Eric Clapton - Eric Clapton's Crossroads Guitar Festival 2019 (Live) (2020) Mp3 320kbps [PMEDIA] ⭐️/11. Cognac (Live).mp3
Apr 13 00:14 : update: added Eric Clapton - Eric Clapton's Crossroads Guitar Festival 2019 (Live) (2020) Mp3 320kbps [PMEDIA] ⭐️/12. Everything Is Broken (Live).mp3
Apr 13 00:14 : update: added Eric Clapton - Eric Clapton's Crossroads Guitar Festival 2019 (Live) (2020) Mp3 320kbps [PMEDIA] ⭐️/16. Baby, Please Come Home (with Bonnie Raitt) (Live).mp3
Apr 13 00:14 : update: added Eric Clapton - Eric Clapton's Crossroads Guitar Festival 2019 (Live) (2020) Mp3 320kbps [PMEDIA] ⭐️/17. I Shiver (Live).mp3
Apr 13 00:14 : update: added Eric Clapton - Eric Clapton's Crossroads Guitar Festival 2019 (Live) (2020) Mp3 320kbps [PMEDIA] ⭐️/43. High Time We Went (Live).mp3
Apr 13 00:14 : update: added Eric Clapton - Eric Clapton's Crossroads Guitar Festival 2019 (Live) (2020) Mp3 320kbps [PMEDIA] ⭐️/18. How Long (Live).mp3
Apr 13 00:14 : update: added Eric Clapton - Eric Clapton's Crossroads Guitar Festival 2019 (Live) (2020) Mp3 320kbps [PMEDIA] ⭐️/33. I Say A Little Prayer (Live).mp3
Apr 13 00:14 : update: added Eric Clapton - Eric Clapton's Crossroads Guitar Festival 2019 (Live) (2020) Mp3 320kbps [PMEDIA] ⭐️/34. Feed The Babies (Live).mp3
Apr 13 00:14 : update: added Eric Clapton - Eric Clapton's Crossroads Guitar Festival 2019 (Live) (2020) Mp3 320kbps [PMEDIA] ⭐️/29. Slow Dancing In A Burning Room (Live).mp3
Apr 13 00:14 : update: added Eric Clapton - Eric Clapton's Crossroads Guitar Festival 2019 (Live) (2020) Mp3 320kbps [PMEDIA] ⭐️/30. How Blue Can You Get (Live).mp3
Apr 13 00:14 : update: added Eric Clapton - Eric Clapton's Crossroads Guitar Festival 2019 (Live) (2020) Mp3 320kbps [PMEDIA] ⭐️/07. I Wanna Be Your Dog (with Tedeschi Trucks Band) (Live).mp3
Apr 13 00:14 : update: added Eric Clapton - Eric Clapton's Crossroads Guitar Festival 2019 (Live) (2020) Mp3 320kbps [PMEDIA] ⭐️/08. That's How Strong My Love Is (with Tedeschi Trucks Band) (Live).mp3
Apr 13 00:14 : update: added Eric Clapton - Eric Clapton's Crossroads Guitar Festival 2019 (Live) (2020) Mp3 320kbps [PMEDIA] ⭐️/01. Native Stepson (Live).mp3
Apr 13 00:14 : update: added Eric Clapton - Eric Clapton's Crossroads Guitar Festival 2019 (Live) (2020) Mp3 320kbps [PMEDIA] ⭐️/02. Wonderful Tonight (Live).mp3
Apr 13 00:14 : update: added Eric Clapton - Eric Clapton's Crossroads Guitar Festival 2019 (Live) (2020) Mp3 320kbps [PMEDIA] ⭐️/05. Son's Gonna Rise (with Gary Clark Jr.).mp3
Apr 13 00:14 : update: added Eric Clapton - Eric Clapton's Crossroads Guitar Festival 2019 (Live) (2020) Mp3 320kbps [PMEDIA] ⭐️/06. Lait  De Ushuaia a la Quiaca (Live).mp3
Apr 13 00:14 : update: added Eric Clapton - Eric Clapton's Crossroads Guitar Festival 2019 (Live) (2020) Mp3 320kbps [PMEDIA] ⭐️/25. Hold Back The River (Live).mp3
Apr 13 00:14 : update: added Eric Clapton - Eric Clapton's Crossroads Guitar Festival 2019 (Live) (2020) Mp3 320kbps [PMEDIA] ⭐️/26. When We Were On Fire (Live).mp3
Apr 13 00:14 : update: added Eric Clapton - Eric Clapton's Crossroads Guitar Festival 2019 (Live) (2020) Mp3 320kbps [PMEDIA] ⭐️/36. Pearl Cadillac (Live).mp3
Apr 13 00:14 : update: added Eric Clapton - Eric Clapton's Crossroads Guitar Festival 2019 (Live) (2020) Mp3 320kbps [PMEDIA] ⭐️/37. Tonight The Bottle Let Me Down (with Albert Lee & Jerry Douglas) (Live).mp3
Apr 13 00:14 : update: added Eric Clapton - Eric Clapton's Crossroads Guitar Festival 2019 (Live) (2020) Mp3 320kbps [PMEDIA] ⭐️/19. Goodbye Carolina (Live).mp3
Apr 13 00:14 : update: added Eric Clapton - Eric Clapton's Crossroads Guitar Festival 2019 (Live) (2020) Mp3 320kbps [PMEDIA] ⭐️/20. While My Guitar Gently Weeps (with Eric Clapton) (Live).mp3
Apr 13 00:14 : update: added Eric Clapton - Eric Clapton's Crossroads Guitar Festival 2019 (Live) (2020) Mp3 320kbps [PMEDIA] ⭐️/22. Big Block (Live).mp3
Apr 13 00:14 : update: added Eric Clapton - Eric Clapton's Crossroads Guitar Festival 2019 (Live) (2020) Mp3 320kbps [PMEDIA] ⭐️/23. Caroline, No (Live).mp3
Apr 13 00:14 : update: added Eric Clapton - Eric Clapton's Crossroads Guitar Festival 2019 (Live) (2020) Mp3 320kbps [PMEDIA] ⭐️/38. Tulsa Time (with Bradley Walker, Albert Lee & Jerry Douglas) (Live).mp3
Apr 13 00:14 : update: added Eric Clapton - Eric Clapton's Crossroads Guitar Festival 2019 (Live) (2020) Mp3 320kbps [PMEDIA] ⭐️/35. I Got My Eyes On You (Locked & Loaded) (Live).mp3
Apr 13 00:14 : update: added Eric Clapton - Eric Clapton's Crossroads Guitar Festival 2019 (Live) (2020) Mp3 320kbps [PMEDIA] ⭐️/09. Going Going Gone (with Tedeschi Trucks Band) (Live).mp3
Apr 13 00:14 : update: added Eric Clapton - Eric Clapton's Crossroads Guitar Festival 2019 (Live) (2020) Mp3 320kbps [PMEDIA] ⭐️/03. Lay Down Sally (Live).mp3
Apr 13 00:14 : update: added Eric Clapton - Eric Clapton's Crossroads Guitar Festival 2019 (Live) (2020) Mp3 320kbps [PMEDIA] ⭐️/40. Badge (Live).mp3
Apr 13 00:14 : update: added Eric Clapton - Eric Clapton's Crossroads Guitar Festival 2019 (Live) (2020) Mp3 320kbps [PMEDIA] ⭐️/41. Layla (with John Mayer & Doyle Bramhall II) (Live).mp3
Apr 13 00:14 : update: added Eric Clapton - Eric Clapton's Crossroads Guitar Festival 2019 (Live) (2020) Mp3 320kbps [PMEDIA] ⭐️/14. Retrato (Live).mp3
Apr 13 00:14 : update: added Eric Clapton - Eric Clapton's Crossroads Guitar Festival 2019 (Live) (2020) Mp3 320kbps [PMEDIA] ⭐️/15. B-Side (with Pedro Martins) (Live).mp3
Apr 13 00:14 : update: added Eric Clapton - Eric Clapton's Crossroads Guitar Festival 2019 (Live) (2020) Mp3 320kbps [PMEDIA] ⭐️/27. Mas Y Mas (Live).mp3
Apr 13 00:14 : update: added Eric Clapton - Eric Clapton's Crossroads Guitar Festival 2019 (Live) (2020) Mp3 320kbps [PMEDIA] ⭐️/39. Drifting Too Far From The Shore (with Vince Gill, Albert Lee & Jerry Douglas) (Live).mp3
Apr 13 00:14 : update: added Eric Clapton - Eric Clapton's Crossroads Guitar Festival 2019 (Live) (2020) Mp3 320kbps [PMEDIA] ⭐️/04. Million Miles (Live).mp3
Apr 13 00:14 : update: added Eric Clapton - Eric Clapton's Crossroads Guitar Festival 2019 (Live) (2020) Mp3 320kbps [PMEDIA] ⭐️/10. Lift Off (Live).mp3
Apr 13 00:14 : update: added Eric Clapton - Eric Clapton's Crossroads Guitar Festival 2019 (Live) (2020) Mp3 320kbps [PMEDIA] ⭐️/31. Shame (Live).mp3
Apr 13 00:14 : update: added Eric Clapton - Eric Clapton's Crossroads Guitar Festival 2019 (Live) (2020) Mp3 320kbps [PMEDIA] ⭐️/28. Am I Wrong (Live).mp3
Apr 13 00:14 : update: added Eric Clapton - Eric Clapton's Crossroads Guitar Festival 2019 (Live) (2020) Mp3 320kbps [PMEDIA] ⭐️/32. Is Your Love Big Enough (Live).mp3
Apr 13 00:14 : update: added Eric Clapton - Eric Clapton's Crossroads Guitar Festival 2019 (Live) (2020) Mp3 320kbps [PMEDIA] ⭐️/21. Space For The Papa (Live).mp3
Apr 13 00:14 : update: added Eric Clapton - Eric Clapton's Crossroads Guitar Festival 2019 (Live) (2020) Mp3 320kbps [PMEDIA] ⭐️/24. Cut Em Loose (Live).mp3
Apr 13 00:14 : update: added Eric Clapton - Eric Clapton's Crossroads Guitar Festival 2019 (Live) (2020) Mp3 320kbps [PMEDIA] ⭐️/13. Every Day Is A Winding Road (with James Bay) (Live).mp3
Apr 13 00:14 : update: added Eric Clapton - Eric Clapton's Crossroads Guitar Festival 2019 (Live) (2020) Mp3 320kbps [PMEDIA] ⭐️/42. Purple Rain (Live).mp3
Apr 13 00:25 : exception: Failed to create /home/larry/.mpd/mpdstate: No such file or directory
Apr 13 00:25 : exception: Failed to open '/home/larry/.config/mpd/mpdstate': No such file or directory
Apr 13 00:58 : player: played "Eric Clapton - Eric Clapton's Crossroads Guitar Festival 2019 (Live) (2020) Mp3 320kbps [PMEDIA] ⭐️/01. Native Stepson (Live).mp3"
Apr 13 01:02 : player: played "Eric Clapton - Eric Clapton's Crossroads Guitar Festival 2019 (Live) (2020) Mp3 320kbps [PMEDIA] ⭐️/02. Wonderful Tonight (Live).mp3"
Apr 13 01:07 : player: played "Eric Clapton - Eric Clapton's Crossroads Guitar Festival 2019 (Live) (2020) Mp3 320kbps [PMEDIA] ⭐️/03. Lay Down Sally (Live).mp3"
Apr 13 01:14 : player: played "Eric Clapton - Eric Clapton's Crossroads Guitar Festival 2019 (Live) (2020) Mp3 320kbps [PMEDIA] ⭐️/04. Million Miles (Live).mp3"
Apr 13 01:19 : player: played "Eric Clapton - Eric Clapton's Crossroads Guitar Festival 2019 (Live) (2020) Mp3 320kbps [PMEDIA] ⭐️/05. Son's Gonna Rise (with Gary Clark Jr.).mp3"
Apr 13 01:23 : player: played "Eric Clapton - Eric Clapton's Crossroads Guitar Festival 2019 (Live) (2020) Mp3 320kbps [PMEDIA] ⭐️/06. Lait  De Ushuaia a la Quiaca (Live).mp3"
Apr 13 01:23 : output: Failed to play on "pulse audio" (pulse): suspended
Apr 13 01:27 : player: played "Eric Clapton - Eric Clapton's Crossroads Guitar Festival 2019 (Live) (2020) Mp3 320kbps [PMEDIA] ⭐️/07. I Wanna Be Your Dog (with Tedeschi Trucks Band) (Live).mp3"
Apr 13 01:32 : player: played "Eric Clapton - Eric Clapton's Crossroads Guitar Festival 2019 (Live) (2020) Mp3 320kbps [PMEDIA] ⭐️/08. That's How Strong My Love Is (with Tedeschi Trucks Band) (Live).mp3"
Apr 13 01:33 : output: Failed to play on "pulse audio" (pulse): suspended
Apr 13 01:38 : player: played "Eric Clapton - Eric Clapton's Crossroads Guitar Festival 2019 (Live) (2020) Mp3 320kbps [PMEDIA] ⭐️/09. Going Going Gone (with Tedeschi Trucks Band) (Live).mp3"
Apr 13 01:40 : output: Failed to play on "pulse audio" (pulse): suspended
Apr 13 01:41 : player: played "Eric Clapton - Eric Clapton's Crossroads Guitar Festival 2019 (Live) (2020) Mp3 320kbps [PMEDIA] ⭐️/10. Lift Off (Live).mp3"
Apr 13 01:46 : player: played "Eric Clapton - Eric Clapton's Crossroads Guitar Festival 2019 (Live) (2020) Mp3 320kbps [PMEDIA] ⭐️/10. Lift Off (Live).mp3"
Apr 13 01:50 : player: played "Eric Clapton - Eric Clapton's Crossroads Guitar Festival 2019 (Live) (2020) Mp3 320kbps [PMEDIA] ⭐️/11. Cognac (Live).mp3"
Apr 13 01:54 : player: played "Eric Clapton - Eric Clapton's Crossroads Guitar Festival 2019 (Live) (2020) Mp3 320kbps [PMEDIA] ⭐️/12. Everything Is Broken (Live).mp3"
Apr 13 02:02 : player: played "Eric Clapton - Eric Clapton's Crossroads Guitar Festival 2019 (Live) (2020) Mp3 320kbps [PMEDIA] ⭐️/13. Every Day Is A Winding Road (with James Bay) (Live).mp3"
Apr 13 02:06 : player: played "Eric Clapton - Eric Clapton's Crossroads Guitar Festival 2019 (Live) (2020) Mp3 320kbps [PMEDIA] ⭐️/14. Retrato (Live).mp3"
Apr 13 02:12 : player: played "Eric Clapton - Eric Clapton's Crossroads Guitar Festival 2019 (Live) (2020) Mp3 320kbps [PMEDIA] ⭐️/15. B-Side (with Pedro Martins) (Live).mp3"
Apr 13 02:14 : output: Failed to play on "pulse audio" (pulse): suspended
Apr 13 02:16 : player: played "Eric Clapton - Eric Clapton's Crossroads Guitar Festival 2019 (Live) (2020) Mp3 320kbps [PMEDIA] ⭐️/16. Baby, Please Come Home (with Bonnie Raitt) (Live).mp3"
Apr 13 02:16 : output: Failed to play on "pulse audio" (pulse): suspended
Apr 13 02:17 : player: played "Eric Clapton - Eric Clapton's Crossroads Guitar Festival 2019 (Live) (2020) Mp3 320kbps [PMEDIA] ⭐️/17. I Shiver (Live).mp3"
Apr 13 02:20 : player: played "Eric Clapton - Eric Clapton's Crossroads Guitar Festival 2019 (Live) (2020) Mp3 320kbps [PMEDIA] ⭐️/17. I Shiver (Live).mp3"
Apr 13 02:23 : player: played "Eric Clapton - Eric Clapton's Crossroads Guitar Festival 2019 (Live) (2020) Mp3 320kbps [PMEDIA] ⭐️/17. I Shiver (Live).mp3"
Apr 13 02:27 : player: played "Eric Clapton - Eric Clapton's Crossroads Guitar Festival 2019 (Live) (2020) Mp3 320kbps [PMEDIA] ⭐️/18. How Long (Live).mp3"
Apr 13 02:32 : player: played "Eric Clapton - Eric Clapton's Crossroads Guitar Festival 2019 (Live) (2020) Mp3 320kbps [PMEDIA] ⭐️/19. Goodbye Carolina (Live).mp3"
Apr 13 02:39 : player: played "Eric Clapton - Eric Clapton's Crossroads Guitar Festival 2019 (Live) (2020) Mp3 320kbps [PMEDIA] ⭐️/20. While My Guitar Gently Weeps (with Eric Clapton) (Live).mp3"
Apr 13 02:41 : player: played "Eric Clapton - Eric Clapton's Crossroads Guitar Festival 2019 (Live) (2020) Mp3 320kbps [PMEDIA] ⭐️/21. Space For The Papa (Live).mp3"
Apr 13 02:47 : player: played "Eric Clapton - Eric Clapton's Crossroads Guitar Festival 2019 (Live) (2020) Mp3 320kbps [PMEDIA] ⭐️/22. Big Block (Live).mp3"
Apr 13 02:49 : player: played "Eric Clapton - Eric Clapton's Crossroads Guitar Festival 2019 (Live) (2020) Mp3 320kbps [PMEDIA] ⭐️/23. Caroline, No (Live).mp3"
Apr 13 02:54 : player: played "Eric Clapton - Eric Clapton's Crossroads Guitar Festival 2019 (Live) (2020) Mp3 320kbps [PMEDIA] ⭐️/24. Cut Em Loose (Live).mp3"
Apr 13 03:00 : player: played "Eric Clapton - Eric Clapton's Crossroads Guitar Festival 2019 (Live) (2020) Mp3 320kbps [PMEDIA] ⭐️/25. Hold Back The River (Live).mp3"
Apr 13 03:08 : player: played "Eric Clapton - Eric Clapton's Crossroads Guitar Festival 2019 (Live) (2020) Mp3 320kbps [PMEDIA] ⭐️/26. When We Were On Fire (Live).mp3"
Apr 13 03:13 : player: played "Eric Clapton - Eric Clapton's Crossroads Guitar Festival 2019 (Live) (2020) Mp3 320kbps [PMEDIA] ⭐️/27. Mas Y Mas (Live).mp3"
Apr 13 04:04 : player: played "Eric Clapton - Eric Clapton's Crossroads Guitar Festival 2019 (Live) (2020) Mp3 320kbps [PMEDIA] ⭐️/28. Am I Wrong (Live).mp3"
Apr 13 11:27 : player: played "Eric Clapton - Eric Clapton's Crossroads Guitar Festival 2019 (Live) (2020) Mp3 320kbps [PMEDIA] ⭐️/28. Am I Wrong (Live).mp3"
Apr 13 14:10 : player: played "Eric Clapton - Eric Clapton's Crossroads Guitar Festival 2019 (Live) (2020) Mp3 320kbps [PMEDIA] ⭐️/28. Am I Wrong (Live).mp3"
Apr 13 14:14 : player: played "Eric Clapton - Eric Clapton's Crossroads Guitar Festival 2019 (Live) (2020) Mp3 320kbps [PMEDIA] ⭐️/29. Slow Dancing In A Burning Room (Live).mp3"
Apr 13 14:40 : player: played "Eric Clapton - Eric Clapton's Crossroads Guitar Festival 2019 (Live) (2020) Mp3 320kbps [PMEDIA] ⭐️/30. How Blue Can You Get (Live).mp3"
Apr 13 14:48 : player: played "Eric Clapton - Eric Clapton's Crossroads Guitar Festival 2019 (Live) (2020) Mp3 320kbps [PMEDIA] ⭐️/31. Shame (Live).mp3"
Apr 13 14:51 : player: played "Eric Clapton - Eric Clapton's Crossroads Guitar Festival 2019 (Live) (2020) Mp3 320kbps [PMEDIA] ⭐️/32. Is Your Love Big Enough (Live).mp3"
Apr 13 14:54 : player: played "Eric Clapton - Eric Clapton's Crossroads Guitar Festival 2019 (Live) (2020) Mp3 320kbps [PMEDIA] ⭐️/33. I Say A Little Prayer (Live).mp3"
Apr 13 14:59 : player: played "Eric Clapton - Eric Clapton's Crossroads Guitar Festival 2019 (Live) (2020) Mp3 320kbps [PMEDIA] ⭐️/34. Feed The Babies (Live).mp3"
Apr 13 15:05 : player: played "Eric Clapton - Eric Clapton's Crossroads Guitar Festival 2019 (Live) (2020) Mp3 320kbps [PMEDIA] ⭐️/35. I Got My Eyes On You (Locked & Loaded) (Live).mp3"
Apr 13 15:10 : player: played "Eric Clapton - Eric Clapton's Crossroads Guitar Festival 2019 (Live) (2020) Mp3 320kbps [PMEDIA] ⭐️/36. Pearl Cadillac (Live).mp3"
Apr 13 15:13 : player: played "Eric Clapton - Eric Clapton's Crossroads Guitar Festival 2019 (Live) (2020) Mp3 320kbps [PMEDIA] ⭐️/37. Tonight The Bottle Let Me Down (with Albert Lee & Jerry Douglas) (Live).mp3"
Apr 13 15:17 : player: played "Eric Clapton - Eric Clapton's Crossroads Guitar Festival 2019 (Live) (2020) Mp3 320kbps [PMEDIA] ⭐️/38. Tulsa Time (with Bradley Walker, Albert Lee & Jerry Douglas) (Live).mp3"
Apr 13 15:22 : player: played "Eric Clapton - Eric Clapton's Crossroads Guitar Festival 2019 (Live) (2020) Mp3 320kbps [PMEDIA] ⭐️/39. Drifting Too Far From The Shore (with Vince Gill, Albert Lee & Jerry Douglas) (Live).mp3"
Apr 13 15:28 : player: played "Eric Clapton - Eric Clapton's Crossroads Guitar Festival 2019 (Live) (2020) Mp3 320kbps [PMEDIA] ⭐️/40. Badge (Live).mp3"
Apr 13 15:36 : player: played "Eric Clapton - Eric Clapton's Crossroads Guitar Festival 2019 (Live) (2020) Mp3 320kbps [PMEDIA] ⭐️/41. Layla (with John Mayer & Doyle Bramhall II) (Live).mp3"
Apr 13 15:43 : player: played "Eric Clapton - Eric Clapton's Crossroads Guitar Festival 2019 (Live) (2020) Mp3 320kbps [PMEDIA] ⭐️/42. Purple Rain (Live).mp3"
Apr 13 15:56 : player: played "Eric Clapton - Eric Clapton's Crossroads Guitar Festival 2019 (Live) (2020) Mp3 320kbps [PMEDIA] ⭐️/43. High Time We Went (Live).mp3"
Apr 13 16:31 : player: played "Eric Clapton - Eric Clapton's Crossroads Guitar Festival 2019 (Live) (2020) Mp3 320kbps [PMEDIA] ⭐️/01. Native Stepson (Live).mp3"
Apr 13 16:35 : player: played "Eric Clapton - Eric Clapton's Crossroads Guitar Festival 2019 (Live) (2020) Mp3 320kbps [PMEDIA] ⭐️/02. Wonderful Tonight (Live).mp3"
Apr 13 16:39 : output: Failed to play on "pulse audio" (pulse): suspended
Apr 13 16:40 : player: played "Eric Clapton - Eric Clapton's Crossroads Guitar Festival 2019 (Live) (2020) Mp3 320kbps [PMEDIA] ⭐️/03. Lay Down Sally (Live).mp3"
Apr 13 16:46 : player: played "Eric Clapton - Eric Clapton's Crossroads Guitar Festival 2019 (Live) (2020) Mp3 320kbps [PMEDIA] ⭐️/04. Million Miles (Live).mp3"
Apr 13 16:51 : player: played "Eric Clapton - Eric Clapton's Crossroads Guitar Festival 2019 (Live) (2020) Mp3 320kbps [PMEDIA] ⭐️/05. Son's Gonna Rise (with Gary Clark Jr.).mp3"
Apr 13 16:53 : output: Failed to play on "pulse audio" (pulse): suspended
Apr 13 16:56 : player: played "Eric Clapton - Eric Clapton's Crossroads Guitar Festival 2019 (Live) (2020) Mp3 320kbps [PMEDIA] ⭐️/06. Lait  De Ushuaia a la Quiaca (Live).mp3"
Apr 13 17:00 : player: played "Eric Clapton - Eric Clapton's Crossroads Guitar Festival 2019 (Live) (2020) Mp3 320kbps [PMEDIA] ⭐️/07. I Wanna Be Your Dog (with Tedeschi Trucks Band) (Live).mp3"
Apr 13 19:13 : player: played "Eric Clapton - Eric Clapton's Crossroads Guitar Festival 2019 (Live) (2020) Mp3 320kbps [PMEDIA] ⭐️/08. That's How Strong My Love Is (with Tedeschi Trucks Band) (Live).mp3"
Apr 13 19:18 : player: played "Eric Clapton - Eric Clapton's Crossroads Guitar Festival 2019 (Live) (2020) Mp3 320kbps [PMEDIA] ⭐️/08. That's How Strong My Love Is (with Tedeschi Trucks Band) (Live).mp3"
Apr 13 19:20 : player: played "Eric Clapton - Eric Clapton's Crossroads Guitar Festival 2019 (Live) (2020) Mp3 320kbps [PMEDIA] ⭐️/08. That's How Strong My Love Is (with Tedeschi Trucks Band) (Live).mp3"
Apr 13 19:26 : player: played "Eric Clapton - Eric Clapton's Crossroads Guitar Festival 2019 (Live) (2020) Mp3 320kbps [PMEDIA] ⭐️/09. Going Going Gone (with Tedeschi Trucks Band) (Live).mp3"
Apr 13 19:30 : player: played "Eric Clapton - Eric Clapton's Crossroads Guitar Festival 2019 (Live) (2020) Mp3 320kbps [PMEDIA] ⭐️/10. Lift Off (Live).mp3"
Apr 13 19:35 : player: played "Eric Clapton - Eric Clapton's Crossroads Guitar Festival 2019 (Live) (2020) Mp3 320kbps [PMEDIA] ⭐️/11. Cognac (Live).mp3"
Apr 13 19:40 : player: played "Eric Clapton - Eric Clapton's Crossroads Guitar Festival 2019 (Live) (2020) Mp3 320kbps [PMEDIA] ⭐️/12. Everything Is Broken (Live).mp3"
Apr 13 20:13 : player: played "Eric Clapton - Eric Clapton's Crossroads Guitar Festival 2019 (Live) (2020) Mp3 320kbps [PMEDIA] ⭐️/13. Every Day Is A Winding Road (with James Bay) (Live).mp3"
Apr 13 20:54 : player: played "Eric Clapton - Eric Clapton's Crossroads Guitar Festival 2019 (Live) (2020) Mp3 320kbps [PMEDIA] ⭐️/14. Retrato (Live).mp3"
Apr 13 21:59 : player: played "Eric Clapton - Eric Clapton's Crossroads Guitar Festival 2019 (Live) (2020) Mp3 320kbps [PMEDIA] ⭐️/15. B-Side (with Pedro Martins) (Live).mp3"
Apr 14 01:26 : player: played "Eric Clapton - Eric Clapton's Crossroads Guitar Festival 2019 (Live) (2020) Mp3 320kbps [PMEDIA] ⭐️/15. B-Side (with Pedro Martins) (Live).mp3"
Apr 14 03:07 : player: played "Eric Clapton - Eric Clapton's Crossroads Guitar Festival 2019 (Live) (2020) Mp3 320kbps [PMEDIA] ⭐️/15. B-Side (with Pedro Martins) (Live).mp3"
Apr 14 03:11 : player: played "Eric Clapton - Eric Clapton's Crossroads Guitar Festival 2019 (Live) (2020) Mp3 320kbps [PMEDIA] ⭐️/16. Baby, Please Come Home (with Bonnie Raitt) (Live).mp3"
Apr 14 23:45 : player: played "Eric Clapton - Eric Clapton's Crossroads Guitar Festival 2019 (Live) (2020) Mp3 320kbps [PMEDIA] ⭐️/16. Baby, Please Come Home (with Bonnie Raitt) (Live).mp3"
Apr 14 23:51 : player: played "Eric Clapton - Eric Clapton's Crossroads Guitar Festival 2019 (Live) (2020) Mp3 320kbps [PMEDIA] ⭐️/17. I Shiver (Live).mp3"
Apr 14 23:55 : player: played "Eric Clapton - Eric Clapton's Crossroads Guitar Festival 2019 (Live) (2020) Mp3 320kbps [PMEDIA] ⭐️/18. How Long (Live).mp3"
Apr 14 23:59 : player: played "Eric Clapton - Eric Clapton's Crossroads Guitar Festival 2019 (Live) (2020) Mp3 320kbps [PMEDIA] ⭐️/19. Goodbye Carolina (Live).mp3"
Apr 15 00:07 : player: played "Eric Clapton - Eric Clapton's Crossroads Guitar Festival 2019 (Live) (2020) Mp3 320kbps [PMEDIA] ⭐️/20. While My Guitar Gently Weeps (with Eric Clapton) (Live).mp3"
Apr 15 00:09 : player: played "Eric Clapton - Eric Clapton's Crossroads Guitar Festival 2019 (Live) (2020) Mp3 320kbps [PMEDIA] ⭐️/21. Space For The Papa (Live).mp3"
Apr 15 00:14 : player: played "Eric Clapton - Eric Clapton's Crossroads Guitar Festival 2019 (Live) (2020) Mp3 320kbps [PMEDIA] ⭐️/22. Big Block (Live).mp3"
Apr 15 00:17 : player: played "Eric Clapton - Eric Clapton's Crossroads Guitar Festival 2019 (Live) (2020) Mp3 320kbps [PMEDIA] ⭐️/23. Caroline, No (Live).mp3"
Apr 17 01:27 : exception: Failed to decode /home/larry/Music/Eric Clapton - Eric Clapton's Crossroads Guitar Festival 2019 (Live) (2020) Mp3 320kbps [PMEDIA] ⭐️/24. Cut Em Loose (Live).mp3; Failed to open '/home/larry/Music/Eric Clapton - Eric Clapton's Crossroads Guitar Festival 2019 (Live) (2020) Mp3 320kbps [PMEDIA] ⭐️/24. Cut Em Loose (Live).mp3': No such file or directory
Apr 17 01:27 : player: played "Eric Clapton - Eric Clapton's Crossroads Guitar Festival 2019 (Live) (2020) Mp3 320kbps [PMEDIA] ⭐️/24. Cut Em Loose (Live).mp3"
Apr 17 02:06 : player: played "Eric Clapton - Eric Clapton's Crossroads Guitar Festival 2019 (Live) (2020) Mp3 320kbps [PMEDIA] ⭐️/25. Hold Back The River (Live).mp3"
Apr 17 20:25 : player: played "Eric Clapton - Eric Clapton's Crossroads Guitar Festival 2019 (Live) (2020) Mp3 320kbps [PMEDIA] ⭐️/25. Hold Back The River (Live).mp3"
Apr 17 22:33 : player: played "Eric Clapton - Eric Clapton's Crossroads Guitar Festival 2019 (Live) (2020) Mp3 320kbps [PMEDIA] ⭐️/26. When We Were On Fire (Live).mp3"
Apr 18 00:02 : player: played "Eric Clapton - Eric Clapton's Crossroads Guitar Festival 2019 (Live) (2020) Mp3 320kbps [PMEDIA] ⭐️/13. Every Day Is A Winding Road (with James Bay) (Live).mp3"
Apr 18 00:06 : player: played "Eric Clapton - Eric Clapton's Crossroads Guitar Festival 2019 (Live) (2020) Mp3 320kbps [PMEDIA] ⭐️/14. Retrato (Live).mp3"
Apr 18 00:12 : player: played "Eric Clapton - Eric Clapton's Crossroads Guitar Festival 2019 (Live) (2020) Mp3 320kbps [PMEDIA] ⭐️/15. B-Side (with Pedro Martins) (Live).mp3"
Apr 18 00:16 : player: played "Eric Clapton - Eric Clapton's Crossroads Guitar Festival 2019 (Live) (2020) Mp3 320kbps [PMEDIA] ⭐️/16. Baby, Please Come Home (with Bonnie Raitt) (Live).mp3"
Apr 18 00:22 : player: played "Eric Clapton - Eric Clapton's Crossroads Guitar Festival 2019 (Live) (2020) Mp3 320kbps [PMEDIA] ⭐️/17. I Shiver (Live).mp3"
Apr 18 00:26 : player: played "Eric Clapton - Eric Clapton's Crossroads Guitar Festival 2019 (Live) (2020) Mp3 320kbps [PMEDIA] ⭐️/18. How Long (Live).mp3"
Apr 18 00:30 : player: played "Eric Clapton - Eric Clapton's Crossroads Guitar Festival 2019 (Live) (2020) Mp3 320kbps [PMEDIA] ⭐️/19. Goodbye Carolina (Live).mp3"
Apr 18 00:38 : player: played "Eric Clapton - Eric Clapton's Crossroads Guitar Festival 2019 (Live) (2020) Mp3 320kbps [PMEDIA] ⭐️/20. While My Guitar Gently Weeps (with Eric Clapton) (Live).mp3"
Apr 18 00:40 : player: played "Eric Clapton - Eric Clapton's Crossroads Guitar Festival 2019 (Live) (2020) Mp3 320kbps [PMEDIA] ⭐️/21. Space For The Papa (Live).mp3"
Apr 18 00:45 : player: played "Eric Clapton - Eric Clapton's Crossroads Guitar Festival 2019 (Live) (2020) Mp3 320kbps [PMEDIA] ⭐️/22. Big Block (Live).mp3"
Apr 18 00:48 : player: played "Eric Clapton - Eric Clapton's Crossroads Guitar Festival 2019 (Live) (2020) Mp3 320kbps [PMEDIA] ⭐️/23. Caroline, No (Live).mp3"
Apr 18 00:53 : player: played "Eric Clapton - Eric Clapton's Crossroads Guitar Festival 2019 (Live) (2020) Mp3 320kbps [PMEDIA] ⭐️/24. Cut Em Loose (Live).mp3"
Apr 18 00:59 : player: played "Eric Clapton - Eric Clapton's Crossroads Guitar Festival 2019 (Live) (2020) Mp3 320kbps [PMEDIA] ⭐️/25. Hold Back The River (Live).mp3"
Apr 18 01:07 : player: played "Eric Clapton - Eric Clapton's Crossroads Guitar Festival 2019 (Live) (2020) Mp3 320kbps [PMEDIA] ⭐️/26. When We Were On Fire (Live).mp3"
Apr 18 01:12 : player: played "Eric Clapton - Eric Clapton's Crossroads Guitar Festival 2019 (Live) (2020) Mp3 320kbps [PMEDIA] ⭐️/27. Mas Y Mas (Live).mp3"
Apr 18 01:15 : player: played "Eric Clapton - Eric Clapton's Crossroads Guitar Festival 2019 (Live) (2020) Mp3 320kbps [PMEDIA] ⭐️/28. Am I Wrong (Live).mp3"
Apr 18 01:19 : player: played "Eric Clapton - Eric Clapton's Crossroads Guitar Festival 2019 (Live) (2020) Mp3 320kbps [PMEDIA] ⭐️/29. Slow Dancing In A Burning Room (Live).mp3"
Apr 18 01:25 : player: played "Eric Clapton - Eric Clapton's Crossroads Guitar Festival 2019 (Live) (2020) Mp3 320kbps [PMEDIA] ⭐️/30. How Blue Can You Get (Live).mp3"
Apr 18 01:32 : player: played "Eric Clapton - Eric Clapton's Crossroads Guitar Festival 2019 (Live) (2020) Mp3 320kbps [PMEDIA] ⭐️/31. Shame (Live).mp3"
Apr 18 01:35 : player: played "Eric Clapton - Eric Clapton's Crossroads Guitar Festival 2019 (Live) (2020) Mp3 320kbps [PMEDIA] ⭐️/32. Is Your Love Big Enough (Live).mp3"
Apr 18 01:38 : player: played "Eric Clapton - Eric Clapton's Crossroads Guitar Festival 2019 (Live) (2020) Mp3 320kbps [PMEDIA] ⭐️/33. I Say A Little Prayer (Live).mp3"
Apr 18 01:43 : player: played "Eric Clapton - Eric Clapton's Crossroads Guitar Festival 2019 (Live) (2020) Mp3 320kbps [PMEDIA] ⭐️/34. Feed The Babies (Live).mp3"
Apr 18 01:50 : player: played "Eric Clapton - Eric Clapton's Crossroads Guitar Festival 2019 (Live) (2020) Mp3 320kbps [PMEDIA] ⭐️/35. I Got My Eyes On You (Locked & Loaded) (Live).mp3"
Apr 18 01:54 : player: played "Eric Clapton - Eric Clapton's Crossroads Guitar Festival 2019 (Live) (2020) Mp3 320kbps [PMEDIA] ⭐️/36. Pearl Cadillac (Live).mp3"
Apr 18 06:01 : player: played "Eric Clapton - Eric Clapton's Crossroads Guitar Festival 2019 (Live) (2020) Mp3 320kbps [PMEDIA] ⭐️/40. Badge (Live).mp3"
Apr 18 18:13 : player: played "Eric Clapton - Eric Clapton's Crossroads Guitar Festival 2019 (Live) (2020) Mp3 320kbps [PMEDIA] ⭐️/40. Badge (Live).mp3"
Apr 18 18:22 : player: played "Eric Clapton - Eric Clapton's Crossroads Guitar Festival 2019 (Live) (2020) Mp3 320kbps [PMEDIA] ⭐️/41. Layla (with John Mayer & Doyle Bramhall II) (Live).mp3"
Apr 18 18:29 : player: played "Eric Clapton - Eric Clapton's Crossroads Guitar Festival 2019 (Live) (2020) Mp3 320kbps [PMEDIA] ⭐️/42. Purple Rain (Live).mp3"
Apr 18 18:41 : player: played "Eric Clapton - Eric Clapton's Crossroads Guitar Festival 2019 (Live) (2020) Mp3 320kbps [PMEDIA] ⭐️/43. High Time We Went (Live).mp3"
Apr 18 18:52 : ffmpeg/h264: non-existing PPS 0 referenced
Apr 18 18:52 : ffmpeg/h264: non-existing PPS 0 referenced
Apr 18 18:52 : ffmpeg/h264: decode_slice_header error
Apr 18 18:52 : ffmpeg/h264: no frame!
Apr 18 18:52 : ffmpeg/h264: non-existing PPS 0 referenced
Apr 18 18:52 : ffmpeg/h264: non-existing PPS 0 referenced
Apr 18 18:52 : ffmpeg/h264: decode_slice_header error
Apr 18 18:52 : ffmpeg/h264: no frame!
Apr 18 18:52 : ffmpeg/h264: non-existing PPS 0 referenced
Apr 18 18:52 : ffmpeg/h264: non-existing PPS 0 referenced
Apr 18 18:52 : ffmpeg/h264: decode_slice_header error
Apr 18 18:52 : ffmpeg/h264: no frame!
Apr 18 18:52 : ffmpeg/h264: non-existing PPS 0 referenced
Apr 18 18:52 : ffmpeg/h264: non-existing PPS 0 referenced
Apr 18 18:52 : ffmpeg/h264: decode_slice_header error
Apr 18 18:52 : ffmpeg/h264: no frame!
Apr 18 18:52 : ffmpeg/h264: non-existing PPS 0 referenced
Apr 18 18:52 : ffmpeg/h264: non-existing PPS 0 referenced
Apr 18 18:52 : ffmpeg/h264: decode_slice_header error
Apr 18 18:52 : ffmpeg/h264: no frame!
Apr 18 18:52 : ffmpeg/h264: non-existing PPS 0 referenced
Apr 18 18:52 : ffmpeg/h264: non-existing PPS 0 referenced
Apr 18 18:52 : ffmpeg/h264: decode_slice_header error
Apr 18 18:52 : ffmpeg/h264: no frame!
Apr 18 18:52 : ffmpeg/h264: non-existing PPS 0 referenced
Apr 18 18:52 : ffmpeg/h264: non-existing PPS 0 referenced
Apr 18 18:52 : ffmpeg/h264: decode_slice_header error
Apr 18 18:52 : ffmpeg/h264: no frame!
Apr 18 18:52 : ffmpeg/h264: non-existing PPS 0 referenced
Apr 18 18:52 : ffmpeg/h264: non-existing PPS 0 referenced
Apr 18 18:52 : ffmpeg/h264: decode_slice_header error
Apr 18 18:52 : ffmpeg/h264: no frame!
Apr 18 18:52 : ffmpeg/h264: non-existing PPS 0 referenced
Apr 18 18:52 : ffmpeg/h264: non-existing PPS 0 referenced
Apr 18 18:52 : ffmpeg/h264: decode_slice_header error
Apr 18 18:52 : ffmpeg/h264: no frame!
Apr 18 18:52 : ffmpeg/h264: non-existing PPS 0 referenced
Apr 18 18:52 : ffmpeg/h264: non-existing PPS 0 referenced
Apr 18 18:52 : ffmpeg/h264: decode_slice_header error
Apr 18 18:52 : ffmpeg/h264: no frame!
Apr 18 18:52 : ffmpeg/h264: non-existing PPS 0 referenced
Apr 18 18:52 : ffmpeg/h264: non-existing PPS 0 referenced
Apr 18 18:52 : ffmpeg/h264: decode_slice_header error
Apr 18 18:52 : ffmpeg/h264: no frame!
Apr 18 18:52 : ffmpeg/h264: non-existing PPS 0 referenced
Apr 18 18:52 : ffmpeg/h264: non-existing PPS 0 referenced
Apr 18 18:52 : ffmpeg/h264: decode_slice_header error
Apr 18 18:52 : ffmpeg/h264: no frame!
Apr 18 18:52 : ffmpeg/h264: non-existing PPS 0 referenced
Apr 18 18:52 : ffmpeg/h264: non-existing PPS 0 referenced
Apr 18 18:52 : ffmpeg/h264: decode_slice_header error
Apr 18 18:52 : ffmpeg/h264: no frame!
Apr 18 18:52 : ffmpeg/h264: non-existing PPS 0 referenced
Apr 18 18:52 : ffmpeg/h264: non-existing PPS 0 referenced
Apr 18 18:52 : ffmpeg/h264: decode_slice_header error
Apr 18 18:52 : ffmpeg/h264: no frame!
Apr 18 18:52 : ffmpeg/h264: non-existing PPS 0 referenced
Apr 18 18:52 : ffmpeg/h264: non-existing PPS 0 referenced
Apr 18 18:52 : ffmpeg/h264: decode_slice_header error
Apr 18 18:52 : ffmpeg/h264: no frame!
Apr 18 18:52 : ffmpeg/h264: non-existing PPS 0 referenced
Apr 18 18:52 : ffmpeg/h264: non-existing PPS 0 referenced
Apr 18 18:52 : ffmpeg/h264: decode_slice_header error
Apr 18 18:52 : ffmpeg/h264: no frame!
Apr 18 18:52 : ffmpeg/h264: non-existing PPS 0 referenced
Apr 18 18:52 : ffmpeg/h264: non-existing PPS 0 referenced
Apr 18 18:52 : ffmpeg/h264: decode_slice_header error
Apr 18 18:52 : ffmpeg/h264: no frame!
Apr 18 18:52 : ffmpeg/mpegts: PES packet size mismatch
Apr 18 18:52 : ffmpeg/mpegts: Packet corrupt (stream = 1, dts = 426488779)
Apr 18 18:52 : ffmpeg/mpegts: .
Apr 18 18:52 : update: added Eric Clapton - 2019-09-21 - Crossroads Guitar Festival/Eric Clapton - Crossroads Guitar Festival (Electric Set) 2019.09.21 (5.1).ts
Apr 18 18:57 : player: played "Eric Clapton - Eric Clapton's Crossroads Guitar Festival 2019 (Live) (2020) Mp3 320kbps [PMEDIA] ⭐️/01. Native Stepson (Live).mp3"
Apr 18 19:36 : update: removing Eric Clapton - 2019-09-21 - Crossroads Guitar Festival/Eric Clapton - Crossroads Guitar Festival (Electric Set) 2019.09.21 (5.1).ts
Apr 18 19:36 : update: added VA - Classic Rock Essentials (2020) Mp3 320kbps [PMEDIA] ⭐️/46. Journey - Separate Ways (Worlds Apart).mp3
Apr 18 19:36 : update: added VA - Classic Rock Essentials (2020) Mp3 320kbps [PMEDIA] ⭐️/47. Bob Seger & The Silver Bullet Band - Night Moves.mp3
Apr 18 19:36 : update: added VA - Classic Rock Essentials (2020) Mp3 320kbps [PMEDIA] ⭐️/31. Pink Floyd - Wish You Were Here.mp3
Apr 18 19:36 : update: added VA - Classic Rock Essentials (2020) Mp3 320kbps [PMEDIA] ⭐️/32. Bad Company - Feel Like Makin' Love.mp3
Apr 18 19:36 : update: added VA - Classic Rock Essentials (2020) Mp3 320kbps [PMEDIA] ⭐️/92. Jimi Hendrix - Hey Joe.mp3
Apr 18 19:36 : update: added VA - Classic Rock Essentials (2020) Mp3 320kbps [PMEDIA] ⭐️/93. Queen - Another One Bites The Dust (2011 Remaster).mp3
Apr 18 19:36 : update: added VA - Classic Rock Essentials (2020) Mp3 320kbps [PMEDIA] ⭐️/51. In The Light of Led Zeppelin - Ramble On.mp3
Apr 18 19:36 : update: added VA - Classic Rock Essentials (2020) Mp3 320kbps [PMEDIA] ⭐️/52. Rush - Limelight.mp3
Apr 18 19:36 : update: added VA - Classic Rock Essentials (2020) Mp3 320kbps [PMEDIA] ⭐️/35. Eagles - Take It Easy.mp3
Apr 18 19:36 : update: added VA - Classic Rock Essentials (2020) Mp3 320kbps [PMEDIA] ⭐️/36. Tom Petty and the Heartbreakers - American Girl.mp3
Apr 18 19:36 : update: added VA - Classic Rock Essentials (2020) Mp3 320kbps [PMEDIA] ⭐️/72. Aerosmith - Walk This Way.mp3
Apr 18 19:36 : update: added VA - Classic Rock Essentials (2020) Mp3 320kbps [PMEDIA] ⭐️/73. Elton John - Bennie And The Jets (Remastered 2014).mp3
Apr 18 19:36 : update: added VA - Classic Rock Essentials (2020) Mp3 320kbps [PMEDIA] ⭐️/24. Bruce Springsteen - Born in the U.S.A.mp3
Apr 18 19:36 : update: added VA - Classic Rock Essentials (2020) Mp3 320kbps [PMEDIA] ⭐️/25. Jimi Hendrix - All Along the Watchtower.mp3
Apr 18 19:36 : update: added VA - Classic Rock Essentials (2020) Mp3 320kbps [PMEDIA] ⭐️/45. Creedence Clearwater Revival - Fortunate Son.mp3
Apr 18 19:36 : update: added VA - Classic Rock Essentials (2020) Mp3 320kbps [PMEDIA] ⭐️/79. Jethro Tull - Locomotive Breath.mp3
Apr 18 19:36 : update: added VA - Classic Rock Essentials (2020) Mp3 320kbps [PMEDIA] ⭐️/80. Eric Clapton - Cocaine.mp3
Apr 18 19:36 : update: added VA - Classic Rock Essentials (2020) Mp3 320kbps [PMEDIA] ⭐️/33. AC_DC - Back In Black.mp3
Apr 18 19:36 : update: added VA - Classic Rock Essentials (2020) Mp3 320kbps [PMEDIA] ⭐️/74. The Beatles - Here Comes The Sun.mp3
Apr 18 19:36 : update: added VA - Classic Rock Essentials (2020) Mp3 320kbps [PMEDIA] ⭐️/75. The Doobie Brothers - Listen to the Music.mp3
Apr 18 19:36 : update: added VA - Classic Rock Essentials (2020) Mp3 320kbps [PMEDIA] ⭐️/76. Steve Miller Band - Rock'n Me.mp3
Apr 18 19:36 : update: added VA - Classic Rock Essentials (2020) Mp3 320kbps [PMEDIA] ⭐️/77. Van Halen - Runnin' with the Devil.mp3
Apr 18 19:36 : update: added VA - Classic Rock Essentials (2020) Mp3 320kbps [PMEDIA] ⭐️/62. Alice Cooper - No More Mr. Nice Guy.mp3
Apr 18 19:36 : update: added VA - Classic Rock Essentials (2020) Mp3 320kbps [PMEDIA] ⭐️/63. Styx - Come Sail Away.mp3
Apr 18 19:36 : update: added VA - Classic Rock Essentials (2020) Mp3 320kbps [PMEDIA] ⭐️/88. In The Light of Led Zeppelin - Kashmir.mp3
Apr 18 19:36 : update: added VA - Classic Rock Essentials (2020) Mp3 320kbps [PMEDIA] ⭐️/89. Rush - Closer To The Heart.mp3
Apr 18 19:36 : update: added VA - Classic Rock Essentials (2020) Mp3 320kbps [PMEDIA] ⭐️/66. AC_DC - Dirty Deeds Done Dirt Cheap.mp3
Apr 18 19:36 : update: added VA - Classic Rock Essentials (2020) Mp3 320kbps [PMEDIA] ⭐️/67. Janis Joplin - Me and Bobby McGee.mp3
Apr 18 19:36 : update: added VA - Classic Rock Essentials (2020) Mp3 320kbps [PMEDIA] ⭐️/64. Pink Floyd - Another Brick in the Wall, Pt. 2.mp3
Apr 18 19:36 : update: added VA - Classic Rock Essentials (2020) Mp3 320kbps [PMEDIA] ⭐️/65. Free - All Right Now.mp3
Apr 18 19:36 : update: added VA - Classic Rock Essentials (2020) Mp3 320kbps [PMEDIA] ⭐️/39. The Beatles - Come Together (2019 Mix).mp3
Apr 18 19:36 : update: added VA - Classic Rock Essentials (2020) Mp3 320kbps [PMEDIA] ⭐️/40. Steve Miller Band - The Joker (Remastered 2017).mp3
Apr 18 19:36 : update: added VA - Classic Rock Essentials (2020) Mp3 320kbps [PMEDIA] ⭐️/34. Fleetwood Mac - The Chain (2004 Remaster).mp3
Apr 18 19:36 : update: added VA - Classic Rock Essentials (2020) Mp3 320kbps [PMEDIA] ⭐️/68. Fleetwood Mac - Go Your Own Way (2004 Remaster).mp3
Apr 18 19:36 : update: added VA - Classic Rock Essentials (2020) Mp3 320kbps [PMEDIA] ⭐️/69. Eagles - Life In The Fast Lane (Live On MTV, 1994).mp3
Apr 18 19:36 : update: added VA - Classic Rock Essentials (2020) Mp3 320kbps [PMEDIA] ⭐️/87. Neil Young - Down by the River.mp3
Apr 18 19:36 : update: added VA - Classic Rock Essentials (2020) Mp3 320kbps [PMEDIA] ⭐️/22. Rush - Tom Sawyer.mp3
Apr 18 19:36 : update: added VA - Classic Rock Essentials (2020) Mp3 320kbps [PMEDIA] ⭐️/23. The Rolling Stones - Sympathy For The Devil.mp3
Apr 18 19:36 : update: added VA - Classic Rock Essentials (2020) Mp3 320kbps [PMEDIA] ⭐️/29. The Who - Pinball Wizard.mp3
Apr 18 19:36 : update: added VA - Classic Rock Essentials (2020) Mp3 320kbps [PMEDIA] ⭐️/30. Boston - More Than a Feeling.mp3
Apr 18 19:36 : update: added VA - Classic Rock Essentials (2020) Mp3 320kbps [PMEDIA] ⭐️/90. The Rolling Stones - (I Can't Get No) Satisfaction.mp3
Apr 18 19:36 : update: added VA - Classic Rock Essentials (2020) Mp3 320kbps [PMEDIA] ⭐️/96. Mountain - Mississippi Queen.mp3
Apr 18 19:36 : update: added VA - Classic Rock Essentials (2020) Mp3 320kbps [PMEDIA] ⭐️/97. Pink Floyd - Money.mp3
Apr 18 19:36 : update: added VA - Classic Rock Essentials (2020) Mp3 320kbps [PMEDIA] ⭐️/43. Cream - Sunshine Of Your Love.mp3
Apr 18 19:36 : update: added VA - Classic Rock Essentials (2020) Mp3 320kbps [PMEDIA] ⭐️/44. Lynyrd Skynyrd - Free Bird.mp3
Apr 18 19:36 : update: added VA - Classic Rock Essentials (2020) Mp3 320kbps [PMEDIA] ⭐️/84. Bob Seger - Turn The Page.mp3
Apr 18 19:36 : update: added VA - Classic Rock Essentials (2020) Mp3 320kbps [PMEDIA] ⭐️/85. ZZ Top - Tush.mp3
Apr 18 19:36 : update: added VA - Classic Rock Essentials (2020) Mp3 320kbps [PMEDIA] ⭐️/27. Queen - Under Pressure (Remastered 2011 _ New Master).mp3
Apr 18 19:36 : update: added VA - Classic Rock Essentials (2020) Mp3 320kbps [PMEDIA] ⭐️/42. Foreigner - Juke Box Hero.mp3
Apr 18 19:36 : update: added VA - Classic Rock Essentials (2020) Mp3 320kbps [PMEDIA] ⭐️/19. Neil Young - Cinnamon Girl.mp3
Apr 18 19:36 : update: added VA - Classic Rock Essentials (2020) Mp3 320kbps [PMEDIA] ⭐️/20. Thin Lizzy - The Boys Are Back In Town.mp3
Apr 18 19:36 : update: added VA - Classic Rock Essentials (2020) Mp3 320kbps [PMEDIA] ⭐️/82. Creedence Clearwater Revival - Down On The Corner.mp3
Apr 18 19:36 : update: added VA - Classic Rock Essentials (2020) Mp3 320kbps [PMEDIA] ⭐️/83. Journey - Any Way You Want It.mp3
Apr 18 19:36 : update: added VA - Classic Rock Essentials (2020) Mp3 320kbps [PMEDIA] ⭐️/41. Van Halen - You Really Got Me (2015 Remaster).mp3
Apr 18 19:36 : update: added VA - Classic Rock Essentials (2020) Mp3 320kbps [PMEDIA] ⭐️/78. Foreigner - Hot Blooded.mp3
Apr 18 19:36 : update: added VA - Classic Rock Essentials (2020) Mp3 320kbps [PMEDIA] ⭐️/91. Bruce Springsteen - Thunder Road.mp3
Apr 18 19:36 : update: added VA - Classic Rock Essentials (2020) Mp3 320kbps [PMEDIA] ⭐️/98. Bad Company - Can't Get Enough.mp3
Apr 18 19:36 : update: added VA - Classic Rock Essentials (2020) Mp3 320kbps [PMEDIA] ⭐️/21. The Sounds Of Led Zeppelin - Stairway To Heaven.mp3
Apr 18 19:36 : update: added VA - Classic Rock Essentials (2020) Mp3 320kbps [PMEDIA] ⭐️/61. The Who - Won't Get Fooled Again (Original Album Version).mp3
Apr 18 19:36 : update: added VA - Classic Rock Essentials (2020) Mp3 320kbps [PMEDIA] ⭐️/11. Derek & The Dominos - Layla.mp3
Apr 18 19:36 : update: added VA - Classic Rock Essentials (2020) Mp3 320kbps [PMEDIA] ⭐️/12. Lynyrd Skynyrd - Sweet Home Alabama.mp3
Apr 18 19:36 : update: added VA - Classic Rock Essentials (2020) Mp3 320kbps [PMEDIA] ⭐️/53. The Rolling Stones - Honky Tonk Women.mp3
Apr 18 19:36 : update: added VA - Classic Rock Essentials (2020) Mp3 320kbps [PMEDIA] ⭐️/54. Bruce Springsteen - Born to Run.mp3
Apr 18 19:36 : update: added VA - Classic Rock Essentials (2020) Mp3 320kbps [PMEDIA] ⭐️/60. The Allman Brothers Band - Melissa.mp3
Apr 18 19:36 : update: added VA - Classic Rock Essentials (2020) Mp3 320kbps [PMEDIA] ⭐️/28. The Allman Brothers Band - Ramblin' Man.mp3
Apr 18 19:36 : update: added VA - Classic Rock Essentials (2020) Mp3 320kbps [PMEDIA] ⭐️/70. Tom Petty - I Won't Back Down.mp3
Apr 18 19:36 : update: added VA - Classic Rock Essentials (2020) Mp3 320kbps [PMEDIA] ⭐️/81. Lynyrd Skynyrd - Simple Man.mp3
Apr 18 19:36 : update: added VA - Classic Rock Essentials (2020) Mp3 320kbps [PMEDIA] ⭐️/15. Journey - Don't Stop Believin'.mp3
Apr 18 19:36 : update: added VA - Classic Rock Essentials (2020) Mp3 320kbps [PMEDIA] ⭐️/16. Bob Seger & The Silver Bullet Band - Old Time Rock & Roll.mp3
Apr 18 19:36 : update: added VA - Classic Rock Essentials (2020) Mp3 320kbps [PMEDIA] ⭐️/71. Steppenwolf - Born To Be Wild.mp3
Apr 18 19:36 : update: added VA - Classic Rock Essentials (2020) Mp3 320kbps [PMEDIA] ⭐️/99. Tom Petty and the Heartbreakers - Refugee.mp3
Apr 18 19:36 : update: added VA - Classic Rock Essentials (2020) Mp3 320kbps [PMEDIA] ⭐️/100. Cream - White Room.mp3
Apr 18 19:36 : update: added VA - Classic Rock Essentials (2020) Mp3 320kbps [PMEDIA] ⭐️/13. Creedence Clearwater Revival - Bad Moon Rising.mp3
Apr 18 19:36 : update: added VA - Classic Rock Essentials (2020) Mp3 320kbps [PMEDIA] ⭐️/14. Deep Purple - Smoke on the Water.mp3
Apr 18 19:36 : update: added VA - Classic Rock Essentials (2020) Mp3 320kbps [PMEDIA] ⭐️/17. ZZ Top - Legs.mp3
Apr 18 19:36 : update: added VA - Classic Rock Essentials (2020) Mp3 320kbps [PMEDIA] ⭐️/08. Eagles - Hotel California.mp3
Apr 18 19:36 : update: added VA - Classic Rock Essentials (2020) Mp3 320kbps [PMEDIA] ⭐️/09. Aerosmith - Sweet Emotion.mp3
Apr 18 19:36 : update: added VA - Classic Rock Essentials (2020) Mp3 320kbps [PMEDIA] ⭐️/59. Santana - Black Magic Woman (Single Version).mp3
Apr 18 19:36 : update: added VA - Classic Rock Essentials (2020) Mp3 320kbps [PMEDIA] ⭐️/18. The Doors - Roadhouse Blues.mp3
Apr 18 19:36 : update: added VA - Classic Rock Essentials (2020) Mp3 320kbps [PMEDIA] ⭐️/57. Heart - Crazy On You.mp3
Apr 18 19:36 : update: added VA - Classic Rock Essentials (2020) Mp3 320kbps [PMEDIA] ⭐️/58. David Bowie - Space Oddity.mp3
Apr 18 19:36 : update: added VA - Classic Rock Essentials (2020) Mp3 320kbps [PMEDIA] ⭐️/48. ZZ Top - La Grange.mp3
Apr 18 19:36 : update: added VA - Classic Rock Essentials (2020) Mp3 320kbps [PMEDIA] ⭐️/49. The Doors - Light My Fire.mp3
Apr 18 19:36 : update: added VA - Classic Rock Essentials (2020) Mp3 320kbps [PMEDIA] ⭐️/01. Led Zeppelin - Whole Lotta Love.mp3
Apr 18 19:36 : update: added VA - Classic Rock Essentials (2020) Mp3 320kbps [PMEDIA] ⭐️/02. The Rolling Stones - Start Me Up (Remastered).mp3
Apr 18 19:36 : update: added VA - Classic Rock Essentials (2020) Mp3 320kbps [PMEDIA] ⭐️/55. Black Sabbath - Paranoid.mp3
Apr 18 19:36 : update: added VA - Classic Rock Essentials (2020) Mp3 320kbps [PMEDIA] ⭐️/56. Jimi Hendrix - Voodoo Child (Slight Return).mp3
Apr 18 19:36 : update: added VA - Classic Rock Essentials (2020) Mp3 320kbps [PMEDIA] ⭐️/10. The Beatles - Hey Jude (Remastered 2009).mp3
Apr 18 19:36 : update: added VA - Classic Rock Essentials (2020) Mp3 320kbps [PMEDIA] ⭐️/03. Jimi Hendrix - Purple Haze.mp3
Apr 18 19:36 : update: added VA - Classic Rock Essentials (2020) Mp3 320kbps [PMEDIA] ⭐️/04. Queen - Bohemian Rhapsody.mp3
Apr 18 19:36 : update: added VA - Classic Rock Essentials (2020) Mp3 320kbps [PMEDIA] ⭐️/50. Neil Young - Heart of Gold.mp3
Apr 18 19:36 : update: added VA - Classic Rock Essentials (2020) Mp3 320kbps [PMEDIA] ⭐️/05. The Who - Baba O'Riley.mp3
Apr 18 19:36 : update: added VA - Classic Rock Essentials (2020) Mp3 320kbps [PMEDIA] ⭐️/06. Pink Floyd - Comfortably Numb.mp3
Apr 18 19:36 : update: added VA - Classic Rock Essentials (2020) Mp3 320kbps [PMEDIA] ⭐️/07. AC_DC - You Shook Me All Night Long.mp3
Apr 18 19:36 : update: added VA - Classic Rock Essentials (2020) Mp3 320kbps [PMEDIA] ⭐️/94. The Allman Brothers Band - Midnight Rider.mp3
Apr 18 19:36 : update: added VA - Classic Rock Essentials (2020) Mp3 320kbps [PMEDIA] ⭐️/37. Aerosmith - Dream On.mp3
Apr 18 19:36 : update: added VA - Classic Rock Essentials (2020) Mp3 320kbps [PMEDIA] ⭐️/26. Heart - Barracuda.mp3
Apr 18 19:36 : update: added VA - Classic Rock Essentials (2020) Mp3 320kbps [PMEDIA] ⭐️/95. The Who - I Can See For Miles (Mono Version).mp3
Apr 18 19:36 : update: added VA - Classic Rock Essentials (2020) Mp3 320kbps [PMEDIA] ⭐️/38. Elton John - Tiny Dancer.mp3
Apr 18 19:36 : update: added VA - Classic Rock Essentials (2020) Mp3 320kbps [PMEDIA] ⭐️/86. The Doors - Riders on the Storm.mp3
Apr 18 19:36 : update: added govt-mule/d108 Little Red Rooster.flac
Apr 18 19:36 : update: added govt-mule/d107 Bad Little Doggie.flac
Apr 18 19:36 : update: added govt-mule/d106 Dig A Pony.flac
Apr 18 19:36 : update: added govt-mule/d105 Kind Of Bird.flac
Apr 18 19:36 : update: added govt-mule/d104 Monkey Hill.flac
Apr 18 19:36 : update: added govt-mule/d103 Rocking Horse.flac
Apr 18 19:36 : update: added govt-mule/d102 Mule.flac
Apr 18 19:36 : update: added govt-mule/d101 Pigs On The Wing Part 2.flac
Apr 18 19:36 : update: added govt-mule/d304 Sad And Deep As You.flac
Apr 18 19:36 : update: added govt-mule/d303 Lucky.flac
Apr 18 19:36 : update: added govt-mule/d302 Thorazine Shuffle.flac
Apr 18 19:36 : update: added govt-mule/d301 Birth Of The Mule.flac
Apr 18 19:36 : update: added govt-mule/d206 Time To Confess.flac
Apr 18 19:36 : update: added govt-mule/d205 Mr Charlie.flac
Apr 18 19:36 : update: added govt-mule/d204 Knockin On Heavens Door.flac
Apr 18 19:36 : update: added govt-mule/d203 Tributary Jam.flac
Apr 18 19:36 : update: added govt-mule/d202 Broke Down On The Brazos.flac
Apr 18 19:36 : update: added govt-mule/d201 The Low Spark of High Heeled Boys (1).flac
Apr 18 19:36 : update: added govt-mule/d110 Devil Girl.flac
Apr 18 19:36 : update: added govt-mule/d109 Devil Likes It Slow.flac
Apr 18 19:36 : update: added govt-mule/d108 Girl With No SelfEsteem.flac
Apr 18 19:36 : update: added govt-mule/d107 Streamline Woman.flac
Apr 18 19:36 : update: added govt-mule/d106 Inside Outside Woman Blues.flac
Apr 18 19:36 : update: added govt-mule/d105 Bad Man Walking.flac
Apr 18 19:36 : update: added govt-mule/d104 Mr Man.flac
Apr 18 19:36 : update: added govt-mule/d103 Mr High And Mighty.flac
Apr 18 19:36 : update: added govt-mule/d102 Mr Big.flac
Apr 18 19:36 : update: added govt-mule/d101 Railroad Boy.flac
Apr 18 19:36 : update: added govt-mule/d303 Traveling Tune.flac
Apr 18 19:36 : update: added govt-mule/d302 3220 Blues.flac
Apr 18 19:36 : update: added govt-mule/d301 Two Trains.flac
Apr 18 19:36 : update: added govt-mule/d208 Thorns Of Life.flac
Apr 18 19:36 : update: added govt-mule/d207 Painted Silver Light.flac
Apr 18 19:36 : update: added govt-mule/d206 Maggot Brain.flac
Apr 18 19:36 : update: added govt-mule/d205 Trane.flac
Apr 18 19:36 : update: added govt-mule/d204 So Weak So Strong.flac
Apr 18 19:36 : update: added govt-mule/d203 Dark Was The Night Cold Was The Ground.flac
Apr 18 19:36 : update: added govt-mule/d202 Im A Ram.flac
Apr 18 19:36 : update: added govt-mule/d201 When Doves Cry.flac
Apr 18 19:37 : update: removing VA - Classic Rock Essentials (2020) Mp3 320kbps [PMEDIA] ⭐️/01. Led Zeppelin - Whole Lotta Love.mp3
Apr 18 19:37 : update: removing VA - Classic Rock Essentials (2020) Mp3 320kbps [PMEDIA] ⭐️/25. Jimi Hendrix - All Along the Watchtower.mp3
Apr 18 19:37 : update: removing VA - Classic Rock Essentials (2020) Mp3 320kbps [PMEDIA] ⭐️/24. Bruce Springsteen - Born in the U.S.A.mp3
Apr 18 19:37 : update: removing VA - Classic Rock Essentials (2020) Mp3 320kbps [PMEDIA] ⭐️/23. The Rolling Stones - Sympathy For The Devil.mp3
Apr 18 19:37 : update: removing VA - Classic Rock Essentials (2020) Mp3 320kbps [PMEDIA] ⭐️/22. Rush - Tom Sawyer.mp3
Apr 18 19:37 : update: removing VA - Classic Rock Essentials (2020) Mp3 320kbps [PMEDIA] ⭐️/21. The Sounds Of Led Zeppelin - Stairway To Heaven.mp3
Apr 18 19:37 : update: removing VA - Classic Rock Essentials (2020) Mp3 320kbps [PMEDIA] ⭐️/20. Thin Lizzy - The Boys Are Back In Town.mp3
Apr 18 19:37 : update: removing VA - Classic Rock Essentials (2020) Mp3 320kbps [PMEDIA] ⭐️/19. Neil Young - Cinnamon Girl.mp3
Apr 18 19:37 : update: removing VA - Classic Rock Essentials (2020) Mp3 320kbps [PMEDIA] ⭐️/18. The Doors - Roadhouse Blues.mp3
Apr 18 19:37 : update: removing VA - Classic Rock Essentials (2020) Mp3 320kbps [PMEDIA] ⭐️/17. ZZ Top - Legs.mp3
Apr 18 19:37 : update: removing VA - Classic Rock Essentials (2020) Mp3 320kbps [PMEDIA] ⭐️/16. Bob Seger & The Silver Bullet Band - Old Time Rock & Roll.mp3
Apr 18 19:37 : update: removing VA - Classic Rock Essentials (2020) Mp3 320kbps [PMEDIA] ⭐️/15. Journey - Don't Stop Believin'.mp3
Apr 18 19:37 : update: removing VA - Classic Rock Essentials (2020) Mp3 320kbps [PMEDIA] ⭐️/14. Deep Purple - Smoke on the Water.mp3
Apr 18 19:37 : update: removing VA - Classic Rock Essentials (2020) Mp3 320kbps [PMEDIA] ⭐️/13. Creedence Clearwater Revival - Bad Moon Rising.mp3
Apr 18 19:37 : update: removing VA - Classic Rock Essentials (2020) Mp3 320kbps [PMEDIA] ⭐️/12. Lynyrd Skynyrd - Sweet Home Alabama.mp3
Apr 18 19:37 : update: removing VA - Classic Rock Essentials (2020) Mp3 320kbps [PMEDIA] ⭐️/11. Derek & The Dominos - Layla.mp3
Apr 18 19:37 : update: removing VA - Classic Rock Essentials (2020) Mp3 320kbps [PMEDIA] ⭐️/10. The Beatles - Hey Jude (Remastered 2009).mp3
Apr 18 19:37 : update: removing VA - Classic Rock Essentials (2020) Mp3 320kbps [PMEDIA] ⭐️/09. Aerosmith - Sweet Emotion.mp3
Apr 18 19:37 : update: removing VA - Classic Rock Essentials (2020) Mp3 320kbps [PMEDIA] ⭐️/08. Eagles - Hotel California.mp3
Apr 18 19:37 : update: removing VA - Classic Rock Essentials (2020) Mp3 320kbps [PMEDIA] ⭐️/07. AC_DC - You Shook Me All Night Long.mp3
Apr 18 19:37 : update: removing VA - Classic Rock Essentials (2020) Mp3 320kbps [PMEDIA] ⭐️/06. Pink Floyd - Comfortably Numb.mp3
Apr 18 19:37 : update: removing VA - Classic Rock Essentials (2020) Mp3 320kbps [PMEDIA] ⭐️/05. The Who - Baba O'Riley.mp3
Apr 18 19:37 : update: removing VA - Classic Rock Essentials (2020) Mp3 320kbps [PMEDIA] ⭐️/04. Queen - Bohemian Rhapsody.mp3
Apr 18 19:37 : update: removing VA - Classic Rock Essentials (2020) Mp3 320kbps [PMEDIA] ⭐️/03. Jimi Hendrix - Purple Haze.mp3
Apr 18 19:37 : update: removing VA - Classic Rock Essentials (2020) Mp3 320kbps [PMEDIA] ⭐️/02. The Rolling Stones - Start Me Up (Remastered).mp3
Apr 18 19:37 : update: removing VA - Classic Rock Essentials (2020) Mp3 320kbps [PMEDIA] ⭐️/100. Cream - White Room.mp3
Apr 18 19:37 : update: removing VA - Classic Rock Essentials (2020) Mp3 320kbps [PMEDIA] ⭐️/99. Tom Petty and the Heartbreakers - Refugee.mp3
Apr 18 19:37 : update: removing VA - Classic Rock Essentials (2020) Mp3 320kbps [PMEDIA] ⭐️/98. Bad Company - Can't Get Enough.mp3
Apr 18 19:37 : update: removing VA - Classic Rock Essentials (2020) Mp3 320kbps [PMEDIA] ⭐️/97. Pink Floyd - Money.mp3
Apr 18 19:37 : update: removing VA - Classic Rock Essentials (2020) Mp3 320kbps [PMEDIA] ⭐️/96. Mountain - Mississippi Queen.mp3
Apr 18 19:37 : update: removing VA - Classic Rock Essentials (2020) Mp3 320kbps [PMEDIA] ⭐️/95. The Who - I Can See For Miles (Mono Version).mp3
Apr 18 19:37 : update: removing VA - Classic Rock Essentials (2020) Mp3 320kbps [PMEDIA] ⭐️/94. The Allman Brothers Band - Midnight Rider.mp3
Apr 18 19:37 : update: removing VA - Classic Rock Essentials (2020) Mp3 320kbps [PMEDIA] ⭐️/93. Queen - Another One Bites The Dust (2011 Remaster).mp3
Apr 18 19:37 : update: removing VA - Classic Rock Essentials (2020) Mp3 320kbps [PMEDIA] ⭐️/92. Jimi Hendrix - Hey Joe.mp3
Apr 18 19:37 : update: removing VA - Classic Rock Essentials (2020) Mp3 320kbps [PMEDIA] ⭐️/91. Bruce Springsteen - Thunder Road.mp3
Apr 18 19:37 : update: removing VA - Classic Rock Essentials (2020) Mp3 320kbps [PMEDIA] ⭐️/90. The Rolling Stones - (I Can't Get No) Satisfaction.mp3
Apr 18 19:37 : update: removing VA - Classic Rock Essentials (2020) Mp3 320kbps [PMEDIA] ⭐️/89. Rush - Closer To The Heart.mp3
Apr 18 19:37 : update: removing VA - Classic Rock Essentials (2020) Mp3 320kbps [PMEDIA] ⭐️/88. In The Light of Led Zeppelin - Kashmir.mp3
Apr 18 19:37 : update: removing VA - Classic Rock Essentials (2020) Mp3 320kbps [PMEDIA] ⭐️/87. Neil Young - Down by the River.mp3
Apr 18 19:37 : update: removing VA - Classic Rock Essentials (2020) Mp3 320kbps [PMEDIA] ⭐️/86. The Doors - Riders on the Storm.mp3
Apr 18 19:37 : update: removing VA - Classic Rock Essentials (2020) Mp3 320kbps [PMEDIA] ⭐️/85. ZZ Top - Tush.mp3
Apr 18 19:37 : update: removing VA - Classic Rock Essentials (2020) Mp3 320kbps [PMEDIA] ⭐️/84. Bob Seger - Turn The Page.mp3
Apr 18 19:37 : update: removing VA - Classic Rock Essentials (2020) Mp3 320kbps [PMEDIA] ⭐️/83. Journey - Any Way You Want It.mp3
Apr 18 19:37 : update: removing VA - Classic Rock Essentials (2020) Mp3 320kbps [PMEDIA] ⭐️/82. Creedence Clearwater Revival - Down On The Corner.mp3
Apr 18 19:37 : update: removing VA - Classic Rock Essentials (2020) Mp3 320kbps [PMEDIA] ⭐️/81. Lynyrd Skynyrd - Simple Man.mp3
Apr 18 19:37 : update: removing VA - Classic Rock Essentials (2020) Mp3 320kbps [PMEDIA] ⭐️/80. Eric Clapton - Cocaine.mp3
Apr 18 19:37 : update: removing VA - Classic Rock Essentials (2020) Mp3 320kbps [PMEDIA] ⭐️/79. Jethro Tull - Locomotive Breath.mp3
Apr 18 19:37 : update: removing VA - Classic Rock Essentials (2020) Mp3 320kbps [PMEDIA] ⭐️/78. Foreigner - Hot Blooded.mp3
Apr 18 19:37 : update: removing VA - Classic Rock Essentials (2020) Mp3 320kbps [PMEDIA] ⭐️/77. Van Halen - Runnin' with the Devil.mp3
Apr 18 19:37 : update: removing VA - Classic Rock Essentials (2020) Mp3 320kbps [PMEDIA] ⭐️/76. Steve Miller Band - Rock'n Me.mp3
Apr 18 19:37 : update: removing VA - Classic Rock Essentials (2020) Mp3 320kbps [PMEDIA] ⭐️/75. The Doobie Brothers - Listen to the Music.mp3
Apr 18 19:37 : update: removing VA - Classic Rock Essentials (2020) Mp3 320kbps [PMEDIA] ⭐️/74. The Beatles - Here Comes The Sun.mp3
Apr 18 19:37 : update: removing VA - Classic Rock Essentials (2020) Mp3 320kbps [PMEDIA] ⭐️/73. Elton John - Bennie And The Jets (Remastered 2014).mp3
Apr 18 19:37 : update: removing VA - Classic Rock Essentials (2020) Mp3 320kbps [PMEDIA] ⭐️/72. Aerosmith - Walk This Way.mp3
Apr 18 19:37 : update: removing VA - Classic Rock Essentials (2020) Mp3 320kbps [PMEDIA] ⭐️/71. Steppenwolf - Born To Be Wild.mp3
Apr 18 19:37 : update: removing VA - Classic Rock Essentials (2020) Mp3 320kbps [PMEDIA] ⭐️/70. Tom Petty - I Won't Back Down.mp3
Apr 18 19:37 : update: removing VA - Classic Rock Essentials (2020) Mp3 320kbps [PMEDIA] ⭐️/69. Eagles - Life In The Fast Lane (Live On MTV, 1994).mp3
Apr 18 19:37 : update: removing VA - Classic Rock Essentials (2020) Mp3 320kbps [PMEDIA] ⭐️/68. Fleetwood Mac - Go Your Own Way (2004 Remaster).mp3
Apr 18 19:37 : update: removing VA - Classic Rock Essentials (2020) Mp3 320kbps [PMEDIA] ⭐️/67. Janis Joplin - Me and Bobby McGee.mp3
Apr 18 19:37 : update: removing VA - Classic Rock Essentials (2020) Mp3 320kbps [PMEDIA] ⭐️/66. AC_DC - Dirty Deeds Done Dirt Cheap.mp3
Apr 18 19:37 : update: removing VA - Classic Rock Essentials (2020) Mp3 320kbps [PMEDIA] ⭐️/65. Free - All Right Now.mp3
Apr 18 19:37 : update: removing VA - Classic Rock Essentials (2020) Mp3 320kbps [PMEDIA] ⭐️/64. Pink Floyd - Another Brick in the Wall, Pt. 2.mp3
Apr 18 19:37 : update: removing VA - Classic Rock Essentials (2020) Mp3 320kbps [PMEDIA] ⭐️/63. Styx - Come Sail Away.mp3
Apr 18 19:37 : update: removing VA - Classic Rock Essentials (2020) Mp3 320kbps [PMEDIA] ⭐️/62. Alice Cooper - No More Mr. Nice Guy.mp3
Apr 18 19:37 : update: removing VA - Classic Rock Essentials (2020) Mp3 320kbps [PMEDIA] ⭐️/61. The Who - Won't Get Fooled Again (Original Album Version).mp3
Apr 18 19:37 : update: removing VA - Classic Rock Essentials (2020) Mp3 320kbps [PMEDIA] ⭐️/60. The Allman Brothers Band - Melissa.mp3
Apr 18 19:37 : update: removing VA - Classic Rock Essentials (2020) Mp3 320kbps [PMEDIA] ⭐️/59. Santana - Black Magic Woman (Single Version).mp3
Apr 18 19:37 : update: removing VA - Classic Rock Essentials (2020) Mp3 320kbps [PMEDIA] ⭐️/58. David Bowie - Space Oddity.mp3
Apr 18 19:37 : update: removing VA - Classic Rock Essentials (2020) Mp3 320kbps [PMEDIA] ⭐️/57. Heart - Crazy On You.mp3
Apr 18 19:37 : update: removing VA - Classic Rock Essentials (2020) Mp3 320kbps [PMEDIA] ⭐️/56. Jimi Hendrix - Voodoo Child (Slight Return).mp3
Apr 18 19:37 : update: removing VA - Classic Rock Essentials (2020) Mp3 320kbps [PMEDIA] ⭐️/55. Black Sabbath - Paranoid.mp3
Apr 18 19:37 : update: removing VA - Classic Rock Essentials (2020) Mp3 320kbps [PMEDIA] ⭐️/54. Bruce Springsteen - Born to Run.mp3
Apr 18 19:37 : update: removing VA - Classic Rock Essentials (2020) Mp3 320kbps [PMEDIA] ⭐️/53. The Rolling Stones - Honky Tonk Women.mp3
Apr 18 19:37 : update: removing VA - Classic Rock Essentials (2020) Mp3 320kbps [PMEDIA] ⭐️/52. Rush - Limelight.mp3
Apr 18 19:37 : update: removing VA - Classic Rock Essentials (2020) Mp3 320kbps [PMEDIA] ⭐️/51. In The Light of Led Zeppelin - Ramble On.mp3
Apr 18 19:37 : update: removing VA - Classic Rock Essentials (2020) Mp3 320kbps [PMEDIA] ⭐️/50. Neil Young - Heart of Gold.mp3
Apr 18 19:37 : update: removing VA - Classic Rock Essentials (2020) Mp3 320kbps [PMEDIA] ⭐️/49. The Doors - Light My Fire.mp3
Apr 18 19:37 : update: removing VA - Classic Rock Essentials (2020) Mp3 320kbps [PMEDIA] ⭐️/48. ZZ Top - La Grange.mp3
Apr 18 19:37 : update: removing VA - Classic Rock Essentials (2020) Mp3 320kbps [PMEDIA] ⭐️/47. Bob Seger & The Silver Bullet Band - Night Moves.mp3
Apr 18 19:37 : update: removing VA - Classic Rock Essentials (2020) Mp3 320kbps [PMEDIA] ⭐️/46. Journey - Separate Ways (Worlds Apart).mp3
Apr 18 19:37 : update: removing VA - Classic Rock Essentials (2020) Mp3 320kbps [PMEDIA] ⭐️/45. Creedence Clearwater Revival - Fortunate Son.mp3
Apr 18 19:37 : update: removing VA - Classic Rock Essentials (2020) Mp3 320kbps [PMEDIA] ⭐️/44. Lynyrd Skynyrd - Free Bird.mp3
Apr 18 19:37 : update: removing VA - Classic Rock Essentials (2020) Mp3 320kbps [PMEDIA] ⭐️/43. Cream - Sunshine Of Your Love.mp3
Apr 18 19:37 : update: removing VA - Classic Rock Essentials (2020) Mp3 320kbps [PMEDIA] ⭐️/42. Foreigner - Juke Box Hero.mp3
Apr 18 19:37 : update: removing VA - Classic Rock Essentials (2020) Mp3 320kbps [PMEDIA] ⭐️/41. Van Halen - You Really Got Me (2015 Remaster).mp3
Apr 18 19:37 : update: removing VA - Classic Rock Essentials (2020) Mp3 320kbps [PMEDIA] ⭐️/40. Steve Miller Band - The Joker (Remastered 2017).mp3
Apr 18 19:37 : update: removing VA - Classic Rock Essentials (2020) Mp3 320kbps [PMEDIA] ⭐️/39. The Beatles - Come Together (2019 Mix).mp3
Apr 18 19:37 : update: removing VA - Classic Rock Essentials (2020) Mp3 320kbps [PMEDIA] ⭐️/38. Elton John - Tiny Dancer.mp3
Apr 18 19:37 : update: removing VA - Classic Rock Essentials (2020) Mp3 320kbps [PMEDIA] ⭐️/37. Aerosmith - Dream On.mp3
Apr 18 19:37 : update: removing VA - Classic Rock Essentials (2020) Mp3 320kbps [PMEDIA] ⭐️/36. Tom Petty and the Heartbreakers - American Girl.mp3
Apr 18 19:37 : update: removing VA - Classic Rock Essentials (2020) Mp3 320kbps [PMEDIA] ⭐️/35. Eagles - Take It Easy.mp3
Apr 18 19:37 : update: removing VA - Classic Rock Essentials (2020) Mp3 320kbps [PMEDIA] ⭐️/34. Fleetwood Mac - The Chain (2004 Remaster).mp3
Apr 18 19:37 : update: removing VA - Classic Rock Essentials (2020) Mp3 320kbps [PMEDIA] ⭐️/33. AC_DC - Back In Black.mp3
Apr 18 19:37 : update: removing VA - Classic Rock Essentials (2020) Mp3 320kbps [PMEDIA] ⭐️/32. Bad Company - Feel Like Makin' Love.mp3
Apr 18 19:37 : update: removing VA - Classic Rock Essentials (2020) Mp3 320kbps [PMEDIA] ⭐️/31. Pink Floyd - Wish You Were Here.mp3
Apr 18 19:37 : update: removing VA - Classic Rock Essentials (2020) Mp3 320kbps [PMEDIA] ⭐️/30. Boston - More Than a Feeling.mp3
Apr 18 19:37 : update: removing VA - Classic Rock Essentials (2020) Mp3 320kbps [PMEDIA] ⭐️/29. The Who - Pinball Wizard.mp3
Apr 18 19:37 : update: removing VA - Classic Rock Essentials (2020) Mp3 320kbps [PMEDIA] ⭐️/28. The Allman Brothers Band - Ramblin' Man.mp3
Apr 18 19:37 : update: removing VA - Classic Rock Essentials (2020) Mp3 320kbps [PMEDIA] ⭐️/27. Queen - Under Pressure (Remastered 2011 _ New Master).mp3
Apr 18 19:37 : update: removing VA - Classic Rock Essentials (2020) Mp3 320kbps [PMEDIA] ⭐️/26. Heart - Barracuda.mp3
Apr 18 19:38 : player: played "govt-mule/d101 Pigs On The Wing Part 2.flac"
Apr 18 19:45 : player: played "govt-mule/d101 Railroad Boy.flac"
Apr 18 19:52 : player: played "govt-mule/d102 Mr Big.flac"
Apr 18 19:58 : player: played "govt-mule/d103 Mr High And Mighty.flac"
Apr 18 20:05 : player: played "govt-mule/d104 Mr Man.flac"
Apr 18 20:09 : player: played "govt-mule/d105 Bad Man Walking.flac"
Apr 18 20:18 : player: played "govt-mule/d106 Inside Outside Woman Blues.flac"
Apr 18 20:25 : player: played "govt-mule/d107 Streamline Woman.flac"
Apr 18 20:31 : player: played "govt-mule/d108 Girl With No SelfEsteem.flac"
Apr 18 21:07 : player: played "govt-mule/d109 Devil Likes It Slow.flac"
Apr 18 21:12 : player: played "govt-mule/d110 Devil Girl.flac"
Apr 18 21:32 : player: played "govt-mule/d201 The Low Spark of High Heeled Boys (1).flac"
Apr 19 01:23 : exception: Zeroconf initialization failed: Invalid zeroconf_name "Music Player @ 2603-8000-8341-d76e-0000-0000-0000-102c.res6.spectrum.com"
Apr 19 01:55 : player: played "govt-mule/d201 The Low Spark of High Heeled Boys (1).flac"
Apr 19 02:02 : player: played "govt-mule/d202 Broke Down On The Brazos.flac"
Apr 19 02:08 : player: played "govt-mule/d203 Tributary Jam.flac"
Apr 19 02:21 : player: played "govt-mule/d204 Knockin On Heavens Door.flac"
Apr 19 02:32 : player: played "govt-mule/d205 Mr Charlie.flac"
Apr 19 02:45 : player: played "govt-mule/d206 Time To Confess.flac"
Apr 19 02:59 : player: played "govt-mule/d301 Birth Of The Mule.flac"
Apr 19 03:12 : player: played "govt-mule/d302 Thorazine Shuffle.flac"
Apr 19 03:17 : player: played "govt-mule/d303 Lucky.flac"
Apr 19 03:19 : player: played "govt-mule/d304 Sad And Deep As You.flac"
Apr 26 09:21 : exception: Failed to decode /home/larry/Music/govt-mule/d304 Sad And Deep As You.flac; Failed to open '/home/larry/Music/govt-mule/d304 Sad And Deep As You.flac': No such file or directory
Apr 26 09:21 : player: played "govt-mule/d304 Sad And Deep As You.flac"
Apr 26 10:15 : update: removing Eric Clapton - Eric Clapton's Crossroads Guitar Festival 2019 (Live) (2020) Mp3 320kbps [PMEDIA] ⭐️/01. Native Stepson (Live).mp3
Apr 26 10:15 : update: removing Eric Clapton - Eric Clapton's Crossroads Guitar Festival 2019 (Live) (2020) Mp3 320kbps [PMEDIA] ⭐️/05. Son's Gonna Rise (with Gary Clark Jr.).mp3
Apr 26 10:15 : update: removing Eric Clapton - Eric Clapton's Crossroads Guitar Festival 2019 (Live) (2020) Mp3 320kbps [PMEDIA] ⭐️/04. Million Miles (Live).mp3
Apr 26 10:15 : update: removing Eric Clapton - Eric Clapton's Crossroads Guitar Festival 2019 (Live) (2020) Mp3 320kbps [PMEDIA] ⭐️/03. Lay Down Sally (Live).mp3
Apr 26 10:15 : update: removing Eric Clapton - Eric Clapton's Crossroads Guitar Festival 2019 (Live) (2020) Mp3 320kbps [PMEDIA] ⭐️/02. Wonderful Tonight (Live).mp3
Apr 26 10:15 : update: removing Eric Clapton - Eric Clapton's Crossroads Guitar Festival 2019 (Live) (2020) Mp3 320kbps [PMEDIA] ⭐️/36. Pearl Cadillac (Live).mp3
Apr 26 10:15 : update: removing Eric Clapton - Eric Clapton's Crossroads Guitar Festival 2019 (Live) (2020) Mp3 320kbps [PMEDIA] ⭐️/35. I Got My Eyes On You (Locked & Loaded) (Live).mp3
Apr 26 10:15 : update: removing Eric Clapton - Eric Clapton's Crossroads Guitar Festival 2019 (Live) (2020) Mp3 320kbps [PMEDIA] ⭐️/34. Feed The Babies (Live).mp3
Apr 26 10:15 : update: removing Eric Clapton - Eric Clapton's Crossroads Guitar Festival 2019 (Live) (2020) Mp3 320kbps [PMEDIA] ⭐️/33. I Say A Little Prayer (Live).mp3
Apr 26 10:15 : update: removing Eric Clapton - Eric Clapton's Crossroads Guitar Festival 2019 (Live) (2020) Mp3 320kbps [PMEDIA] ⭐️/32. Is Your Love Big Enough (Live).mp3
Apr 26 10:15 : update: removing Eric Clapton - Eric Clapton's Crossroads Guitar Festival 2019 (Live) (2020) Mp3 320kbps [PMEDIA] ⭐️/31. Shame (Live).mp3
Apr 26 10:15 : update: removing Eric Clapton - Eric Clapton's Crossroads Guitar Festival 2019 (Live) (2020) Mp3 320kbps [PMEDIA] ⭐️/30. How Blue Can You Get (Live).mp3
Apr 26 10:15 : update: removing Eric Clapton - Eric Clapton's Crossroads Guitar Festival 2019 (Live) (2020) Mp3 320kbps [PMEDIA] ⭐️/29. Slow Dancing In A Burning Room (Live).mp3
Apr 26 10:15 : update: removing Eric Clapton - Eric Clapton's Crossroads Guitar Festival 2019 (Live) (2020) Mp3 320kbps [PMEDIA] ⭐️/28. Am I Wrong (Live).mp3
Apr 26 10:15 : update: removing Eric Clapton - Eric Clapton's Crossroads Guitar Festival 2019 (Live) (2020) Mp3 320kbps [PMEDIA] ⭐️/27. Mas Y Mas (Live).mp3
Apr 26 10:15 : update: removing Eric Clapton - Eric Clapton's Crossroads Guitar Festival 2019 (Live) (2020) Mp3 320kbps [PMEDIA] ⭐️/26. When We Were On Fire (Live).mp3
Apr 26 10:15 : update: removing Eric Clapton - Eric Clapton's Crossroads Guitar Festival 2019 (Live) (2020) Mp3 320kbps [PMEDIA] ⭐️/25. Hold Back The River (Live).mp3
Apr 26 10:15 : update: removing Eric Clapton - Eric Clapton's Crossroads Guitar Festival 2019 (Live) (2020) Mp3 320kbps [PMEDIA] ⭐️/24. Cut Em Loose (Live).mp3
Apr 26 10:15 : update: removing Eric Clapton - Eric Clapton's Crossroads Guitar Festival 2019 (Live) (2020) Mp3 320kbps [PMEDIA] ⭐️/23. Caroline, No (Live).mp3
Apr 26 10:15 : update: removing Eric Clapton - Eric Clapton's Crossroads Guitar Festival 2019 (Live) (2020) Mp3 320kbps [PMEDIA] ⭐️/22. Big Block (Live).mp3
Apr 26 10:15 : update: removing Eric Clapton - Eric Clapton's Crossroads Guitar Festival 2019 (Live) (2020) Mp3 320kbps [PMEDIA] ⭐️/21. Space For The Papa (Live).mp3
Apr 26 10:15 : update: removing Eric Clapton - Eric Clapton's Crossroads Guitar Festival 2019 (Live) (2020) Mp3 320kbps [PMEDIA] ⭐️/20. While My Guitar Gently Weeps (with Eric Clapton) (Live).mp3
Apr 26 10:15 : update: removing Eric Clapton - Eric Clapton's Crossroads Guitar Festival 2019 (Live) (2020) Mp3 320kbps [PMEDIA] ⭐️/19. Goodbye Carolina (Live).mp3
Apr 26 10:15 : update: removing Eric Clapton - Eric Clapton's Crossroads Guitar Festival 2019 (Live) (2020) Mp3 320kbps [PMEDIA] ⭐️/18. How Long (Live).mp3
Apr 26 10:15 : update: removing Eric Clapton - Eric Clapton's Crossroads Guitar Festival 2019 (Live) (2020) Mp3 320kbps [PMEDIA] ⭐️/17. I Shiver (Live).mp3
Apr 26 10:15 : update: removing Eric Clapton - Eric Clapton's Crossroads Guitar Festival 2019 (Live) (2020) Mp3 320kbps [PMEDIA] ⭐️/16. Baby, Please Come Home (with Bonnie Raitt) (Live).mp3
Apr 26 10:15 : update: removing Eric Clapton - Eric Clapton's Crossroads Guitar Festival 2019 (Live) (2020) Mp3 320kbps [PMEDIA] ⭐️/15. B-Side (with Pedro Martins) (Live).mp3
Apr 26 10:15 : update: removing Eric Clapton - Eric Clapton's Crossroads Guitar Festival 2019 (Live) (2020) Mp3 320kbps [PMEDIA] ⭐️/14. Retrato (Live).mp3
Apr 26 10:15 : update: removing Eric Clapton - Eric Clapton's Crossroads Guitar Festival 2019 (Live) (2020) Mp3 320kbps [PMEDIA] ⭐️/13. Every Day Is A Winding Road (with James Bay) (Live).mp3
Apr 26 10:15 : update: removing Eric Clapton - Eric Clapton's Crossroads Guitar Festival 2019 (Live) (2020) Mp3 320kbps [PMEDIA] ⭐️/12. Everything Is Broken (Live).mp3
Apr 26 10:15 : update: removing Eric Clapton - Eric Clapton's Crossroads Guitar Festival 2019 (Live) (2020) Mp3 320kbps [PMEDIA] ⭐️/11. Cognac (Live).mp3
Apr 26 10:15 : update: removing Eric Clapton - Eric Clapton's Crossroads Guitar Festival 2019 (Live) (2020) Mp3 320kbps [PMEDIA] ⭐️/10. Lift Off (Live).mp3
Apr 26 10:15 : update: removing Eric Clapton - Eric Clapton's Crossroads Guitar Festival 2019 (Live) (2020) Mp3 320kbps [PMEDIA] ⭐️/09. Going Going Gone (with Tedeschi Trucks Band) (Live).mp3
Apr 26 10:15 : update: removing Eric Clapton - Eric Clapton's Crossroads Guitar Festival 2019 (Live) (2020) Mp3 320kbps [PMEDIA] ⭐️/08. That's How Strong My Love Is (with Tedeschi Trucks Band) (Live).mp3
Apr 26 10:15 : update: removing Eric Clapton - Eric Clapton's Crossroads Guitar Festival 2019 (Live) (2020) Mp3 320kbps [PMEDIA] ⭐️/07. I Wanna Be Your Dog (with Tedeschi Trucks Band) (Live).mp3
Apr 26 10:15 : update: removing Eric Clapton - Eric Clapton's Crossroads Guitar Festival 2019 (Live) (2020) Mp3 320kbps [PMEDIA] ⭐️/06. Lait  De Ushuaia a la Quiaca (Live).mp3
Apr 26 10:15 : update: removing govt-mule/d304 Sad And Deep As You.flac
Apr 26 10:15 : update: removing govt-mule/d303 Lucky.flac
Apr 26 10:15 : update: removing govt-mule/d302 Thorazine Shuffle.flac
Apr 26 10:15 : update: removing govt-mule/d301 Birth Of The Mule.flac
Apr 26 10:15 : update: removing govt-mule/d206 Time To Confess.flac
Apr 26 10:15 : update: removing govt-mule/d205 Mr Charlie.flac
Apr 26 10:15 : update: removing govt-mule/d204 Knockin On Heavens Door.flac
Apr 26 10:15 : update: removing govt-mule/d203 Tributary Jam.flac
Apr 26 10:15 : update: removing govt-mule/d202 Broke Down On The Brazos.flac
Apr 26 10:15 : update: removing govt-mule/d201 The Low Spark of High Heeled Boys (1).flac
Apr 26 10:15 : update: removing govt-mule/d110 Devil Girl.flac
Apr 26 10:15 : update: removing govt-mule/d109 Devil Likes It Slow.flac
Apr 26 10:15 : update: removing govt-mule/d108 Girl With No SelfEsteem.flac
Apr 26 10:15 : update: removing govt-mule/d107 Streamline Woman.flac
Apr 26 10:15 : update: removing govt-mule/d106 Inside Outside Woman Blues.flac
Apr 26 10:15 : update: removing govt-mule/d105 Bad Man Walking.flac
Apr 26 10:15 : update: removing govt-mule/d104 Mr Man.flac
Apr 26 10:15 : update: removing govt-mule/d103 Mr High And Mighty.flac
Apr 26 10:15 : update: removing govt-mule/d102 Mr Big.flac
Apr 26 10:15 : update: removing govt-mule/d101 Railroad Boy.flac
Apr 26 10:15 : update: removing govt-mule/d303 Traveling Tune.flac
Apr 26 10:15 : update: removing govt-mule/d302 3220 Blues.flac
Apr 26 10:15 : update: removing govt-mule/d301 Two Trains.flac
Apr 26 10:15 : update: removing govt-mule/d208 Thorns Of Life.flac
Apr 26 10:15 : update: removing govt-mule/d207 Painted Silver Light.flac
Apr 26 10:15 : update: removing govt-mule/d206 Maggot Brain.flac
Apr 26 10:15 : update: removing govt-mule/d205 Trane.flac
Apr 26 10:15 : update: removing govt-mule/d204 So Weak So Strong.flac
Apr 26 10:15 : update: removing govt-mule/d203 Dark Was The Night Cold Was The Ground.flac
Apr 26 10:15 : update: removing govt-mule/d202 Im A Ram.flac
Apr 26 10:15 : update: removing govt-mule/d201 When Doves Cry.flac
Apr 26 10:15 : update: removing govt-mule/d108 Little Red Rooster.flac
Apr 26 10:15 : update: removing govt-mule/d107 Bad Little Doggie.flac
Apr 26 10:15 : update: removing govt-mule/d106 Dig A Pony.flac
Apr 26 10:15 : update: removing govt-mule/d105 Kind Of Bird.flac
Apr 26 10:15 : update: removing govt-mule/d104 Monkey Hill.flac
Apr 26 10:15 : update: removing govt-mule/d103 Rocking Horse.flac
Apr 26 10:15 : update: removing govt-mule/d102 Mule.flac
Apr 26 10:15 : update: removing govt-mule/d101 Pigs On The Wing Part 2.flac
Apr 26 10:15 : update: removing Eric Clapton - Eric Clapton's Crossroads Guitar Festival 2019 (Live) (2020) Mp3 320kbps [PMEDIA] ⭐️/43. High Time We Went (Live).mp3
Apr 26 10:15 : update: removing Eric Clapton - Eric Clapton's Crossroads Guitar Festival 2019 (Live) (2020) Mp3 320kbps [PMEDIA] ⭐️/42. Purple Rain (Live).mp3
Apr 26 10:15 : update: removing Eric Clapton - Eric Clapton's Crossroads Guitar Festival 2019 (Live) (2020) Mp3 320kbps [PMEDIA] ⭐️/41. Layla (with John Mayer & Doyle Bramhall II) (Live).mp3
Apr 26 10:15 : update: removing Eric Clapton - Eric Clapton's Crossroads Guitar Festival 2019 (Live) (2020) Mp3 320kbps [PMEDIA] ⭐️/40. Badge (Live).mp3
Apr 26 10:15 : update: removing Eric Clapton - Eric Clapton's Crossroads Guitar Festival 2019 (Live) (2020) Mp3 320kbps [PMEDIA] ⭐️/39. Drifting Too Far From The Shore (with Vince Gill, Albert Lee & Jerry Douglas) (Live).mp3
Apr 26 10:15 : update: removing Eric Clapton - Eric Clapton's Crossroads Guitar Festival 2019 (Live) (2020) Mp3 320kbps [PMEDIA] ⭐️/38. Tulsa Time (with Bradley Walker, Albert Lee & Jerry Douglas) (Live).mp3
Apr 26 10:15 : update: removing Eric Clapton - Eric Clapton's Crossroads Guitar Festival 2019 (Live) (2020) Mp3 320kbps [PMEDIA] ⭐️/37. Tonight The Bottle Let Me Down (with Albert Lee & Jerry Douglas) (Live).mp3
Apr 26 10:15 : update: added The Allman Brothers Band - The Essential Collection [smb]/13 Stormy Monday.mp3
Apr 26 10:15 : update: added The Allman Brothers Band - The Essential Collection [smb]/14 Pegasus.mp3
Apr 26 10:15 : update: added The Allman Brothers Band - The Essential Collection [smb]/05 Dreams.mp3
Apr 26 10:15 : update: added The Allman Brothers Band - The Essential Collection [smb]/04 Whipping Post.mp3
Apr 26 10:15 : update: added The Allman Brothers Band - The Essential Collection [smb]/08 Black Hearted Woman.mp3
Apr 26 10:15 : update: added The Allman Brothers Band - The Essential Collection [smb]/12 Blue Sky.mp3
Apr 26 10:15 : update: added The Allman Brothers Band - The Essential Collection [smb]/09 Southbound.mp3
Apr 26 10:15 : update: added The Allman Brothers Band - The Essential Collection [smb]/11 One Way Out.mp3
Apr 26 10:15 : update: added The Allman Brothers Band - The Essential Collection [smb]/01 Ramblin Man.mp3
Apr 26 10:15 : update: added The Allman Brothers Band - The Essential Collection [smb]/15 Win Lose Or Draw.mp3
Apr 26 10:15 : update: added The Allman Brothers Band - The Essential Collection [smb]/03 Statesboro Blues.mp3
Apr 26 10:15 : update: added The Allman Brothers Band - The Essential Collection [smb]/02 Jessica.mp3
Apr 26 10:15 : update: added The Allman Brothers Band - The Essential Collection [smb]/07 Melissa.mp3
Apr 26 10:15 : update: added The Allman Brothers Band - The Essential Collection [smb]/06 Ain't Wastin Time No More.mp3
Apr 26 10:15 : update: added The Allman Brothers Band - The Essential Collection [smb]/10 Midnight Rider.mp3
Apr 26 10:15 : update: added Pink Floyd - Pulse/Pulse Disk 2.m4v
Apr 26 10:15 : ffmpeg/mov,mp4,m4a,3gp,3g2,mj2: stream 0, timescale not set
Apr 26 10:15 : update: added Pink Floyd - Pulse/Pulse Disk 1.m4v
Apr 26 10:15 : update: added Gary Clark Jr - Live (2014)/01 - Gary Clark Jr. - Catfish Blues.mp3
Apr 26 10:15 : update: added Gary Clark Jr - Live (2014)/02 - Gary Clark Jr. - Next Door Neighbor Blues.mp3
Apr 26 10:15 : update: added Gary Clark Jr - Live (2014)/03 - Gary Clark Jr. - Travis County.mp3
Apr 26 10:15 : update: added Gary Clark Jr - Live (2014)/04 - Gary Clark Jr. - When My Train Pulls In.mp3
Apr 26 10:15 : update: added Gary Clark Jr - Live (2014)/05 - Gary Clark Jr. - Don't Owe You A Thang.mp3
Apr 26 10:15 : update: added Gary Clark Jr - Live (2014)/06 - Gary Clark Jr. - Three O'clock Blues.mp3
Apr 26 10:15 : update: added Gary Clark Jr - Live (2014)/07 - Gary Clark Jr. - Things Are Changin'.mp3
Apr 26 10:15 : update: added Gary Clark Jr - Live (2014)/08 - Gary Clark Jr. - Numb.mp3
Apr 26 10:15 : update: added Gary Clark Jr - Live (2014)/09 - Gary Clark Jr. - Ain't Messin 'round.mp3
Apr 26 10:15 : update: added Gary Clark Jr - Live (2014)/10 - Gary Clark Jr. - If Trouble Was Money.mp3
Apr 26 10:15 : update: added Gary Clark Jr - Live (2014)/11 - Gary Clark Jr. - Third Stone From The Sun ~ If You Love Me Like You Say.mp3
Apr 26 10:15 : update: added Gary Clark Jr - Live (2014)/12 - Gary Clark Jr. - Please Come Home.mp3
Apr 26 10:15 : update: added Gary Clark Jr - Live (2014)/13 - Gary Clark Jr. - Blak And Blu.mp3
Apr 26 10:15 : update: added Gary Clark Jr - Live (2014)/14 - Gary Clark Jr. - Bright Lights.mp3
Apr 26 10:15 : update: added Gary Clark Jr - Live (2014)/15 - Gary Clark Jr. - When The Sun Goes Down.mp3
Apr 26 10:15 : update: added Lynyrd Skynyrd - One More from the Road (1976)/CD-2/01-lynyrd_skynyrd-sweet_home_alabama-cd2-ego.mp3
Apr 26 10:15 : update: added Lynyrd Skynyrd - One More from the Road (1976)/CD-2/02-lynyrd_skynyrd-crossroads-cd2-ego.mp3
Apr 26 10:15 : update: added Lynyrd Skynyrd - One More from the Road (1976)/CD-2/03-lynyrd_skynyrd-free_bird-cd2-ego.mp3
Apr 26 10:15 : update: added Lynyrd Skynyrd - One More from the Road (1976)/CD-2/04-lynyrd_skynyrd-workin_for_mca_(alternate_take)-cd2-ego.mp3
Apr 26 10:15 : update: added Lynyrd Skynyrd - One More from the Road (1976)/CD-2/05-lynyrd_skynyrd-i_aint_the_one_(alternate_take)-cd2-ego.mp3
Apr 26 10:15 : update: added Lynyrd Skynyrd - One More from the Road (1976)/CD-2/06-lynyrd_skynyrd-searching_(alternate_take)-cd2-ego.mp3
Apr 26 10:15 : update: added Lynyrd Skynyrd - One More from the Road (1976)/CD-2/07-lynyrd_skynyrd-gimme_three_steps_(alternate_take)-cd2-ego.mp3
Apr 26 10:15 : update: added Lynyrd Skynyrd - One More from the Road (1976)/CD-2/08-lynyrd_skynyrd-call_me_the_breeze_(alternate_take-cd2-ego.mp3
Apr 26 10:15 : update: added Lynyrd Skynyrd - One More from the Road (1976)/CD-2/09-lynyrd_skynyrd-sweet_home_alabama_(alternate_take-cd2-ego.mp3
Apr 26 10:15 : update: added Lynyrd Skynyrd - One More from the Road (1976)/CD-2/10-lynyrd_skynyrd-crossroads_(alternate_take)-cd2-ego.mp3
Apr 26 10:15 : update: added Lynyrd Skynyrd - One More from the Road (1976)/CD-2/11-lynyrd_skynyrd-free_bird_(alternate_take)-cd2-ego.mp3
Apr 26 10:15 : update: added Lynyrd Skynyrd - One More from the Road (1976)/CD-1/01-lynyrd_skynyrd-workin_for_mca-cd1-ego.mp3
Apr 26 10:15 : update: added Lynyrd Skynyrd - One More from the Road (1976)/CD-1/02-lynyrd_skynyrd-i_aint_the_one-cd1-ego.mp3
Apr 26 10:15 : update: added Lynyrd Skynyrd - One More from the Road (1976)/CD-1/03-lynyrd_skynyrd-saturday_night_special-cd1-ego.mp3
Apr 26 10:15 : update: added Lynyrd Skynyrd - One More from the Road (1976)/CD-1/04-lynyrd_skynyrd-searching-cd1-ego.mp3
Apr 26 10:15 : update: added Lynyrd Skynyrd - One More from the Road (1976)/CD-1/05-lynyrd_skynyrd-travellin_man-cd1-ego.mp3
Apr 26 10:15 : update: added Lynyrd Skynyrd - One More from the Road (1976)/CD-1/06-lynyrd_skynyrd-simple_man-cd1-ego.mp3
Apr 26 10:15 : update: added Lynyrd Skynyrd - One More from the Road (1976)/CD-1/07-lynyrd_skynyrd-whiskey_rock-a-roller-cd1-ego.mp3
Apr 26 10:15 : update: added Lynyrd Skynyrd - One More from the Road (1976)/CD-1/08-lynyrd_skynyrd-the_needle_and_the_spoon-cd1-ego.mp3
Apr 26 10:15 : update: added Lynyrd Skynyrd - One More from the Road (1976)/CD-1/09-lynyrd_skynyrd-gimme_back_my_bullets-cd1-ego.mp3
Apr 26 10:15 : update: added Lynyrd Skynyrd - One More from the Road (1976)/CD-1/10-lynyrd_skynyrd-tuesdays_gone-cd1-ego.mp3
Apr 26 10:15 : update: added Lynyrd Skynyrd - One More from the Road (1976)/CD-1/11-lynyrd_skynyrd-gimme_three_steps-cd1-ego.mp3
Apr 26 10:15 : update: added Lynyrd Skynyrd - One More from the Road (1976)/CD-1/12-lynyrd_skynyrd-call_me_the_breeze-cd1-ego.mp3
Apr 26 10:15 : update: added Lynyrd Skynyrd - One More from the Road (1976)/CD-1/13-lynyrd_skynyrd-t_for_texas-cd1-ego.mp3
Apr 26 10:15 : update: added Cream - Discography 1966-2005 [FLAC]/2003 - BBC Sessions/03 - Wrapping Paper.flac
Apr 26 10:15 : update: added Cream - Discography 1966-2005 [FLAC]/2003 - BBC Sessions/04 - Rollin' and Tumblin'.flac
Apr 26 10:15 : update: added Cream - Discography 1966-2005 [FLAC]/2003 - BBC Sessions/23 - Sunshine of Your Love.flac
Apr 26 10:15 : update: added Cream - Discography 1966-2005 [FLAC]/2003 - BBC Sessions/24 - Politician.flac
Apr 26 10:15 : update: added Cream - Discography 1966-2005 [FLAC]/2003 - BBC Sessions/15 - Strange Brew.flac
Apr 26 10:15 : update: added Cream - Discography 1966-2005 [FLAC]/2003 - BBC Sessions/16 - Eric Clapton Interview 3.flac
Apr 26 10:15 : update: added Cream - Discography 1966-2005 [FLAC]/2003 - BBC Sessions/17 - Tales of Brave Ulysses.flac
Apr 26 10:15 : update: added Cream - Discography 1966-2005 [FLAC]/2003 - BBC Sessions/12 - I Feel Free.flac
Apr 26 10:15 : update: added Cream - Discography 1966-2005 [FLAC]/2003 - BBC Sessions/13 - N.S.U..flac
Apr 26 10:15 : update: added Cream - Discography 1966-2005 [FLAC]/2003 - BBC Sessions/14 - Four Until Late.flac
Apr 26 10:15 : update: added Cream - Discography 1966-2005 [FLAC]/2003 - BBC Sessions/01 - Sweet Wine.flac
Apr 26 10:15 : update: added Cream - Discography 1966-2005 [FLAC]/2003 - BBC Sessions/22 - Take It Back.flac
Apr 26 10:15 : update: added Cream - Discography 1966-2005 [FLAC]/2003 - BBC Sessions/26 - Steppin' Out.flac
Apr 26 10:15 : update: added Cream - Discography 1966-2005 [FLAC]/2003 - BBC Sessions/18 - We're Going Wrong.flac
Apr 26 10:15 : update: added Cream - Discography 1966-2005 [FLAC]/2003 - BBC Sessions/08 - Traintime.flac
Apr 26 10:15 : update: added Cream - Discography 1966-2005 [FLAC]/2003 - BBC Sessions/09 - I'm So Glad.flac
Apr 26 10:15 : update: added Cream - Discography 1966-2005 [FLAC]/2003 - BBC Sessions/19 - Eric Clapton Interview 4.flac
Apr 26 10:15 : update: added Cream - Discography 1966-2005 [FLAC]/2003 - BBC Sessions/20 - Born Under a Bad Sign.flac
Apr 26 10:15 : update: added Cream - Discography 1966-2005 [FLAC]/2003 - BBC Sessions/10 - Lawdy Mama.flac
Apr 26 10:15 : update: added Cream - Discography 1966-2005 [FLAC]/2003 - BBC Sessions/11 - Eric Clapton Interview 2.flac
Apr 26 10:15 : update: added Cream - Discography 1966-2005 [FLAC]/2003 - BBC Sessions/21 - Outside Woman Blues.flac
Apr 26 10:15 : update: added Cream - Discography 1966-2005 [FLAC]/2003 - BBC Sessions/02 - Eric Clapton Interview 1.flac
Apr 26 10:15 : update: added Cream - Discography 1966-2005 [FLAC]/2003 - BBC Sessions/07 - Cat's Squirrel.flac
Apr 26 10:15 : update: added Cream - Discography 1966-2005 [FLAC]/2003 - BBC Sessions/25 - Swlabr.flac
Apr 26 10:15 : update: added Cream - Discography 1966-2005 [FLAC]/2003 - BBC Sessions/05 - Steppin' Out.flac
Apr 26 10:15 : update: added Cream - Discography 1966-2005 [FLAC]/2003 - BBC Sessions/06 - Crossroads.flac
Apr 26 10:15 : update: added Cream - Discography 1966-2005 [FLAC]/2005 - Royal Albert Hall London May 2-3-5-6, 2005/Disc 1/05 - Sleepy Time Time.flac
Apr 26 10:15 : update: added Cream - Discography 1966-2005 [FLAC]/2005 - Royal Albert Hall London May 2-3-5-6, 2005/Disc 1/06 - N.S.U..flac
Apr 26 10:15 : update: added Cream - Discography 1966-2005 [FLAC]/2005 - Royal Albert Hall London May 2-3-5-6, 2005/Disc 1/02 - Spoonful.flac
Apr 26 10:15 : update: added Cream - Discography 1966-2005 [FLAC]/2005 - Royal Albert Hall London May 2-3-5-6, 2005/Disc 1/01 - I'm So Glad.flac
Apr 26 10:15 : update: added Cream - Discography 1966-2005 [FLAC]/2005 - Royal Albert Hall London May 2-3-5-6, 2005/Disc 1/03 - Outside Woman Blues.flac
Apr 26 10:15 : update: added Cream - Discography 1966-2005 [FLAC]/2005 - Royal Albert Hall London May 2-3-5-6, 2005/Disc 1/10 - Rollin' and Tumblin'.flac
Apr 26 10:15 : update: added Cream - Discography 1966-2005 [FLAC]/2005 - Royal Albert Hall London May 2-3-5-6, 2005/Disc 1/11 - Stormy Monday.flac
Apr 26 10:15 : update: added Cream - Discography 1966-2005 [FLAC]/2005 - Royal Albert Hall London May 2-3-5-6, 2005/Disc 1/07 - Badge.flac
Apr 26 10:15 : update: added Cream - Discography 1966-2005 [FLAC]/2005 - Royal Albert Hall London May 2-3-5-6, 2005/Disc 1/08 - Politician.flac
Apr 26 10:15 : update: added Cream - Discography 1966-2005 [FLAC]/2005 - Royal Albert Hall London May 2-3-5-6, 2005/Disc 1/12 - Deserted Cities of the Heart.flac
Apr 26 10:15 : update: added Cream - Discography 1966-2005 [FLAC]/2005 - Royal Albert Hall London May 2-3-5-6, 2005/Disc 1/04 - Pressed Rat & Warthog.flac
Apr 26 10:15 : update: added Cream - Discography 1966-2005 [FLAC]/2005 - Royal Albert Hall London May 2-3-5-6, 2005/Disc 1/09 - Sweet Wine.flac
Apr 26 10:15 : update: added Cream - Discography 1966-2005 [FLAC]/2005 - Royal Albert Hall London May 2-3-5-6, 2005/Disc 2/01 - Born Under a Bad Sign.flac
Apr 26 10:15 : update: added Cream - Discography 1966-2005 [FLAC]/2005 - Royal Albert Hall London May 2-3-5-6, 2005/Disc 2/02 - We're Going Wrong.flac
Apr 26 10:15 : update: added Cream - Discography 1966-2005 [FLAC]/2005 - Royal Albert Hall London May 2-3-5-6, 2005/Disc 2/05 - Toad.flac
Apr 26 10:15 : update: added Cream - Discography 1966-2005 [FLAC]/2005 - Royal Albert Hall London May 2-3-5-6, 2005/Disc 2/06 - Sunshine of Your Love.flac
Apr 26 10:15 : update: added Cream - Discography 1966-2005 [FLAC]/2005 - Royal Albert Hall London May 2-3-5-6, 2005/Disc 2/03 - Crossroads.flac
Apr 26 10:15 : update: added Cream - Discography 1966-2005 [FLAC]/2005 - Royal Albert Hall London May 2-3-5-6, 2005/Disc 2/04 - White Room.flac
Apr 26 10:15 : update: added Cream - Discography 1966-2005 [FLAC]/2005 - Royal Albert Hall London May 2-3-5-6, 2005/Disc 2/07 - Sleepy Time Time (Alternate).flac
Apr 26 10:15 : update: added Cream - Discography 1966-2005 [FLAC]/2005 - Gold/Disc 2 - Live/01 - N.S.U. (Live).flac
Apr 26 10:15 : update: added Cream - Discography 1966-2005 [FLAC]/2005 - Gold/Disc 2 - Live/02 - Sleepy Time Time (Live).flac
Apr 26 10:15 : update: added Cream - Discography 1966-2005 [FLAC]/2005 - Gold/Disc 2 - Live/03 - Rollin' and Tumblin' (Live).flac
Apr 26 10:15 : update: added Cream - Discography 1966-2005 [FLAC]/2005 - Gold/Disc 2 - Live/06 - Sunshine of Your Love (Live).flac
Apr 26 10:15 : update: added Cream - Discography 1966-2005 [FLAC]/2005 - Gold/Disc 2 - Live/07 - I'm So Glad (Live).flac
Apr 26 10:15 : update: added Cream - Discography 1966-2005 [FLAC]/2005 - Gold/Disc 2 - Live/05 - Crossroads (Live).flac
Apr 26 10:15 : update: added Cream - Discography 1966-2005 [FLAC]/2005 - Gold/Disc 2 - Live/04 - Spoonful (Live).flac
Apr 26 10:15 : update: added Cream - Discography 1966-2005 [FLAC]/2005 - Gold/Disc 2 - Live/08 - Toad (Live).flac
Apr 26 10:15 : update: added Cream - Discography 1966-2005 [FLAC]/2005 - Gold/Disc 1 - In the Studio/18 - Anyone for Tennis.flac
Apr 26 10:15 : update: added Cream - Discography 1966-2005 [FLAC]/2005 - Gold/Disc 1 - In the Studio/17 - Deserted Cities of the Heart.flac
Apr 26 10:15 : update: added Cream - Discography 1966-2005 [FLAC]/2005 - Gold/Disc 1 - In the Studio/05 - Strange Brew.flac
Apr 26 10:15 : update: added Cream - Discography 1966-2005 [FLAC]/2005 - Gold/Disc 1 - In the Studio/06 - Sunshine of Your Love.flac
Apr 26 10:15 : update: added Cream - Discography 1966-2005 [FLAC]/2005 - Gold/Disc 1 - In the Studio/03 - Sweet Wine.flac
Apr 26 10:15 : update: added Cream - Discography 1966-2005 [FLAC]/2005 - Gold/Disc 1 - In the Studio/04 - I'm So Glad.flac
Apr 26 10:15 : update: added Cream - Discography 1966-2005 [FLAC]/2005 - Gold/Disc 1 - In the Studio/20 - Doing That Scrapyard Thing.flac
Apr 26 10:15 : update: added Cream - Discography 1966-2005 [FLAC]/2005 - Gold/Disc 1 - In the Studio/21 - What a Bringdown.flac
Apr 26 10:15 : update: added Cream - Discography 1966-2005 [FLAC]/2005 - Gold/Disc 1 - In the Studio/19 - Badge.flac
Apr 26 10:15 : update: added Cream - Discography 1966-2005 [FLAC]/2005 - Gold/Disc 1 - In the Studio/09 - Swlabr.flac
Apr 26 10:15 : update: added Cream - Discography 1966-2005 [FLAC]/2005 - Gold/Disc 1 - In the Studio/10 - We're Going Wrong.flac
Apr 26 10:15 : update: added Cream - Discography 1966-2005 [FLAC]/2005 - Gold/Disc 1 - In the Studio/16 - Born Under a Bad Sign.flac
Apr 26 10:15 : update: added Cream - Discography 1966-2005 [FLAC]/2005 - Gold/Disc 1 - In the Studio/01 - I Feel Free.flac
Apr 26 10:15 : update: added Cream - Discography 1966-2005 [FLAC]/2005 - Gold/Disc 1 - In the Studio/02 - N.S.U..flac
Apr 26 10:15 : update: added Cream - Discography 1966-2005 [FLAC]/2005 - Gold/Disc 1 - In the Studio/13 - Passing the Time.flac
Apr 26 10:15 : update: added Cream - Discography 1966-2005 [FLAC]/2005 - Gold/Disc 1 - In the Studio/14 - Politician.flac
Apr 26 10:15 : update: added Cream - Discography 1966-2005 [FLAC]/2005 - Gold/Disc 1 - In the Studio/08 - Tales of Brave Ulysses.flac
Apr 26 10:15 : update: added Cream - Discography 1966-2005 [FLAC]/2005 - Gold/Disc 1 - In the Studio/15 - Those Were the Days.flac
Apr 26 10:15 : update: added Cream - Discography 1966-2005 [FLAC]/2005 - Gold/Disc 1 - In the Studio/11 - White Room.flac
Apr 26 10:15 : update: added Cream - Discography 1966-2005 [FLAC]/2005 - Gold/Disc 1 - In the Studio/12 - Sitting on Top of the World.flac
Apr 26 10:15 : update: added Cream - Discography 1966-2005 [FLAC]/2005 - Gold/Disc 1 - In the Studio/07 - World of Pain.flac
Apr 26 10:15 : update: removing Cream - Discography 1966-2005 [FLAC]/1997 - Those Were the Days [4-CD Box Set]/Disc 4 - Live/Cream - Those Were the Days [Disc 4].cue/track0007
Apr 26 10:15 : update: removing Cream - Discography 1966-2005 [FLAC]/1997 - Those Were the Days [4-CD Box Set]/Disc 4 - Live/Cream - Those Were the Days [Disc 4].cue/track0006
Apr 26 10:15 : update: removing Cream - Discography 1966-2005 [FLAC]/1997 - Those Were the Days [4-CD Box Set]/Disc 4 - Live/Cream - Those Were the Days [Disc 4].cue/track0005
Apr 26 10:15 : update: removing Cream - Discography 1966-2005 [FLAC]/1997 - Those Were the Days [4-CD Box Set]/Disc 4 - Live/Cream - Those Were the Days [Disc 4].cue/track0004
Apr 26 10:15 : update: removing Cream - Discography 1966-2005 [FLAC]/1997 - Those Were the Days [4-CD Box Set]/Disc 4 - Live/Cream - Those Were the Days [Disc 4].cue/track0003
Apr 26 10:15 : update: removing Cream - Discography 1966-2005 [FLAC]/1997 - Those Were the Days [4-CD Box Set]/Disc 4 - Live/Cream - Those Were the Days [Disc 4].cue/track0002
Apr 26 10:15 : update: removing Cream - Discography 1966-2005 [FLAC]/1997 - Those Were the Days [4-CD Box Set]/Disc 4 - Live/Cream - Those Were the Days [Disc 4].cue/track0001
Apr 26 10:15 : update: removing Cream - Discography 1966-2005 [FLAC]/1997 - Those Were the Days [4-CD Box Set]/Disc 4 - Live/Cream - Those Were the Days [Disc 4].cue/track0009
Apr 26 10:15 : update: removing Cream - Discography 1966-2005 [FLAC]/1997 - Those Were the Days [4-CD Box Set]/Disc 4 - Live/Cream - Those Were the Days [Disc 4].cue/track0008
Apr 26 10:22 : exception: Bad song index
